<?xml version="1.0" encoding="utf-8"?><testsuites><testsuite errors="0" failures="26" hostname="ibs-adama-ux1.corp.alleninstitute.org" name="pytest" skipped="107" tests="357" time="30.726" timestamp="2021-06-04T07:14:59.874739"><testcase classname="allensdk.test.brain_observatory.behavior.test_behavior_data_xforms" name="test_get_stimulus_timestamps" time="0.001" /><testcase classname="allensdk.test.brain_observatory.behavior.test_behavior_data_xforms" name="test_get_rewards" time="0.002" /><testcase classname="allensdk.test.brain_observatory.behavior.test_behavior_data_xforms" name="test_get_licks" time="0.001" /><testcase classname="allensdk.test.brain_observatory.behavior.test_behavior_data_xforms" name="test_empty_licks" time="0.001" /><testcase classname="allensdk.test.brain_observatory.behavior.test_behavior_data_xforms" name="test_get_licks_excess" time="0.001" /><testcase classname="allensdk.test.brain_observatory.behavior.test_behavior_data_xforms" name="test_get_licks_failure" time="0.000" /><testcase classname="allensdk.test.brain_observatory.behavior.test_behavior_lims_api" name="test_get_behavior_stimulus_file[880293569-/allen/programs/braintv/production/neuralcoding/prod0/specimen_703198163/behavior_session_880293569/880289456.pkl]" time="0.000"><skipped message="this test depends on the resources only available to Bamboo agents, but are still fast.  If they are slow, mark with nightly" type="pytest.skip">/home/adam.amster/AllenSDK/allensdk/test/brain_observatory/behavior/test_behavior_lims_api.py:22: this test depends on the resources only available to Bamboo agents, but are still fast.  If they are slow, mark with nightly</skipped></testcase><testcase classname="allensdk.test.brain_observatory.behavior.test_behavior_lims_api" name="test_get_behavior_stimulus_file[0-None]" time="0.000"><skipped message="this test depends on the resources only available to Bamboo agents, but are still fast.  If they are slow, mark with nightly" type="pytest.skip">/home/adam.amster/AllenSDK/allensdk/test/brain_observatory/behavior/test_behavior_lims_api.py:22: this test depends on the resources only available to Bamboo agents, but are still fast.  If they are slow, mark with nightly</skipped></testcase><testcase classname="allensdk.test.brain_observatory.behavior.test_behavior_lims_api" name="test_foraging_id_to_behavior_session_id[394a910e-94c7-4472-9838-5345aff59ed8]" time="0.000"><skipped message="this test depends on the resources only available to Bamboo agents, but are still fast.  If they are slow, mark with nightly" type="pytest.skip">/home/adam.amster/AllenSDK/allensdk/test/brain_observatory/behavior/test_behavior_lims_api.py:45: this test depends on the resources only available to Bamboo agents, but are still fast.  If they are slow, mark with nightly</skipped></testcase><testcase classname="allensdk.test.brain_observatory.behavior.test_behavior_lims_api" name="test_behavior_session_id_to_foraging_id[823847007]" time="0.000"><skipped message="this test depends on the resources only available to Bamboo agents, but are still fast.  If they are slow, mark with nightly" type="pytest.skip">/home/adam.amster/AllenSDK/allensdk/test/brain_observatory/behavior/test_behavior_lims_api.py:54: this test depends on the resources only available to Bamboo agents, but are still fast.  If they are slow, mark with nightly</skipped></testcase><testcase classname="allensdk.test.brain_observatory.behavior.test_behavior_lims_api" name="test_get_extended_trials[880293569]" time="0.000"><skipped message="this test depends on the resources only available to Bamboo agents, but are still fast.  If they are slow, mark with nightly" type="pytest.skip">/home/adam.amster/AllenSDK/allensdk/test/brain_observatory/behavior/test_behavior_lims_api.py:65: this test depends on the resources only available to Bamboo agents, but are still fast.  If they are slow, mark with nightly</skipped></testcase><testcase classname="allensdk.test.brain_observatory.behavior.test_behavior_lims_api" name="test_get_extended_trials[881236782]" time="0.000"><skipped message="this test depends on the resources only available to Bamboo agents, but are still fast.  If they are slow, mark with nightly" type="pytest.skip">/home/adam.amster/AllenSDK/allensdk/test/brain_observatory/behavior/test_behavior_lims_api.py:65: this test depends on the resources only available to Bamboo agents, but are still fast.  If they are slow, mark with nightly</skipped></testcase><testcase classname="allensdk.test.brain_observatory.behavior.test_behavior_lims_api" name="test_get_extended_trials[881236761]" time="0.000"><skipped message="this test depends on the resources only available to Bamboo agents, but are still fast.  If they are slow, mark with nightly" type="pytest.skip">/home/adam.amster/AllenSDK/allensdk/test/brain_observatory/behavior/test_behavior_lims_api.py:65: this test depends on the resources only available to Bamboo agents, but are still fast.  If they are slow, mark with nightly</skipped></testcase><testcase classname="allensdk.test.brain_observatory.behavior.test_behavior_lims_api" name="test_get_stimulus_timestamps" time="0.001" /><testcase classname="allensdk.test.brain_observatory.behavior.test_behavior_lims_api" name="test_get_licks" time="0.003" /><testcase classname="allensdk.test.brain_observatory.behavior.test_behavior_lims_api" name="test_get_behavior_session_uuid" time="0.001"><failure message="AttributeError: 'BehaviorMetadata' object has no attribute '_behavior_session_uuid'">MockBehaviorLimsApi = &lt;test_behavior_lims_api.MockBehaviorLimsApi.&lt;locals&gt;.MockBehaviorLimsApi object at 0x7fce99c359d0&gt;, monkeypatch = &lt;_pytest.monkeypatch.MonkeyPatch object at 0x7fce99c35510&gt;

    def test_get_behavior_session_uuid(MockBehaviorLimsApi, monkeypatch):
        with monkeypatch.context() as ctx:
            def dummy_init(self, extractor, behavior_stimulus_file):
                self._extractor = extractor
                self._behavior_stimulus_file = behavior_stimulus_file
    
            ctx.setattr(BehaviorMetadata,
                        '__init__',
                        dummy_init)
            stimulus_file = MockBehaviorLimsApi._behavior_stimulus_file()
            metadata = BehaviorMetadata(
                extractor=MockBehaviorLimsApi.extractor,
                behavior_stimulus_file=stimulus_file)
    
        expected = UUID('138531ab-fe59-4523-9154-07c8d97bbe03')
&gt;       assert expected == metadata.behavior_session_uuid

test_behavior_lims_api.py:232: 
_ _ _ _ _ _ _ _ _ _ _ _ _ _ _ _ _ _ _ _ _ _ _ _ _ _ _ _ _ _ _ _ _ _ _ _ _ _ _ _ _ _ _ _ _ _ _ _ _ _ _ _ _ _ _ _ _ _ _ _ _ _ _ _ _ _ _ _ _ _ _ _ _ _ _ _ _ _ _ _ _ _ _ _ _ _ _ _ _ _ _ _ _ _ _ _ _ _ _ _ _ _ _ _ _ _ _ _ _ _ _ _ _ _ _ _ _ 

self = &lt;allensdk.brain_observatory.behavior.data_objects.metadata.behavior_metadata.behavior_metadata.BehaviorMetadata object at 0x7fce99c358d0&gt;

    @property
    def behavior_session_uuid(self) -&gt; Optional[uuid.UUID]:
&gt;       return self._behavior_session_uuid.value
E       AttributeError: 'BehaviorMetadata' object has no attribute '_behavior_session_uuid'

../../../brain_observatory/behavior/data_objects/metadata/behavior_metadata/behavior_metadata.py:330: AttributeError</failure></testcase><testcase classname="allensdk.test.brain_observatory.behavior.test_behavior_lims_api" name="test_get_stimulus_frame_rate" time="0.001" /><testcase classname="allensdk.test.brain_observatory.behavior.test_behavior_lims_api" name="test_get_date_of_acquisition" time="0.001"><failure message="TypeError: __init__() got an unexpected keyword argument 'extractor'">MockBehaviorLimsApi = &lt;test_behavior_lims_api.MockBehaviorLimsApi.&lt;locals&gt;.MockBehaviorLimsApi object at 0x7fce99bd0550&gt;

    def test_get_date_of_acquisition(MockBehaviorLimsApi):
        api = MockBehaviorLimsApi
        expected = datetime(2019, 9, 26, 16, tzinfo=pytz.UTC)
&gt;       actual = api.get_metadata().date_of_acquisition

test_behavior_lims_api.py:243: 
_ _ _ _ _ _ _ _ _ _ _ _ _ _ _ _ _ _ _ _ _ _ _ _ _ _ _ _ _ _ _ _ _ _ _ _ _ _ _ _ _ _ _ _ _ _ _ _ _ _ _ _ _ _ _ _ _ _ _ _ _ _ _ _ _ _ _ _ _ _ _ _ _ _ _ _ _ _ _ _ _ _ _ _ _ _ _ _ _ _ _ _ _ _ _ _ _ _ _ _ _ _ _ _ _ _ _ _ _ _ _ _ _ _ _ _ _ 

self = &lt;test_behavior_lims_api.MockBehaviorLimsApi.&lt;locals&gt;.MockBehaviorLimsApi object at 0x7fce99bd0550&gt;

    def get_metadata(self) -&gt; BehaviorMetadata:
        """Return metadata about the session.
        :rtype: BehaviorMetadata
        """
        metadata = BehaviorMetadata(
            extractor=self.extractor,
            stimulus_timestamps=self.get_stimulus_timestamps(),
&gt;           behavior_stimulus_file=self._behavior_stimulus_file()
        )
E       TypeError: __init__() got an unexpected keyword argument 'extractor'

../../../brain_observatory/behavior/session_apis/data_transforms/behavior_data_transforms.py:351: TypeError</failure></testcase><testcase classname="allensdk.test.brain_observatory.behavior.test_behavior_lims_api" name="test_get_running_speed" time="0.003" /><testcase classname="allensdk.test.brain_observatory.behavior.test_behavior_lims_api" name="test_get_running_speed_raises_index_error" time="0.001" /><testcase classname="allensdk.test.brain_observatory.behavior.test_behavior_lims_api.TestBehaviorRegression" name="test_stim_file_regression" time="0.000"><skipped message="this test is either time/memory/compute expensive or it depends on resources internal to the Allen Institute. Either way, it does'nt run by default and must be opted into (it does run in our nightly builds)." type="pytest.skip">/home/adam.amster/AllenSDK/allensdk/test/brain_observatory/behavior/test_behavior_lims_api.py:292: this test is either time/memory/compute expensive or it depends on resources internal to the Allen Institute. Either way, it does'nt run by default and must be opted into (it does run in our nightly builds).</skipped></testcase><testcase classname="allensdk.test.brain_observatory.behavior.test_behavior_lims_api.TestBehaviorRegression" name="test_get_rewards_regression" time="0.000"><skipped message="this test is either time/memory/compute expensive or it depends on resources internal to the Allen Institute. Either way, it does'nt run by default and must be opted into (it does run in our nightly builds)." type="pytest.skip">/home/adam.amster/AllenSDK/allensdk/test/brain_observatory/behavior/test_behavior_lims_api.py:296: this test is either time/memory/compute expensive or it depends on resources internal to the Allen Institute. Either way, it does'nt run by default and must be opted into (it does run in our nightly builds).</skipped></testcase><testcase classname="allensdk.test.brain_observatory.behavior.test_behavior_lims_api.TestBehaviorRegression" name="test_ophys_experiment_id_regression" time="0.000"><skipped message="this test is either time/memory/compute expensive or it depends on resources internal to the Allen Institute. Either way, it does'nt run by default and must be opted into (it does run in our nightly builds)." type="pytest.skip">/home/adam.amster/AllenSDK/allensdk/test/brain_observatory/behavior/test_behavior_lims_api.py:301: this test is either time/memory/compute expensive or it depends on resources internal to the Allen Institute. Either way, it does'nt run by default and must be opted into (it does run in our nightly builds).</skipped></testcase><testcase classname="allensdk.test.brain_observatory.behavior.test_behavior_lims_api.TestBehaviorRegression" name="test_behavior_uuid_regression" time="0.000"><skipped message="this test is either time/memory/compute expensive or it depends on resources internal to the Allen Institute. Either way, it does'nt run by default and must be opted into (it does run in our nightly builds)." type="pytest.skip">/home/adam.amster/AllenSDK/allensdk/test/brain_observatory/behavior/test_behavior_lims_api.py:305: this test is either time/memory/compute expensive or it depends on resources internal to the Allen Institute. Either way, it does'nt run by default and must be opted into (it does run in our nightly builds).</skipped></testcase><testcase classname="allensdk.test.brain_observatory.behavior.test_behavior_lims_api.TestBehaviorRegression" name="test_container_id_regression" time="0.000"><skipped message="this test is either time/memory/compute expensive or it depends on resources internal to the Allen Institute. Either way, it does'nt run by default and must be opted into (it does run in our nightly builds)." type="pytest.skip">/home/adam.amster/AllenSDK/allensdk/test/brain_observatory/behavior/test_behavior_lims_api.py:309: this test is either time/memory/compute expensive or it depends on resources internal to the Allen Institute. Either way, it does'nt run by default and must be opted into (it does run in our nightly builds).</skipped></testcase><testcase classname="allensdk.test.brain_observatory.behavior.test_behavior_lims_api.TestBehaviorRegression" name="test_stimulus_frame_rate_regression" time="0.000"><skipped message="this test is either time/memory/compute expensive or it depends on resources internal to the Allen Institute. Either way, it does'nt run by default and must be opted into (it does run in our nightly builds)." type="pytest.skip">/home/adam.amster/AllenSDK/allensdk/test/brain_observatory/behavior/test_behavior_lims_api.py:313: this test is either time/memory/compute expensive or it depends on resources internal to the Allen Institute. Either way, it does'nt run by default and must be opted into (it does run in our nightly builds).</skipped></testcase><testcase classname="allensdk.test.brain_observatory.behavior.test_behavior_lims_api.TestBehaviorRegression" name="test_get_running_speed_regression" time="0.000"><skipped message="this test is either time/memory/compute expensive or it depends on resources internal to the Allen Institute. Either way, it does'nt run by default and must be opted into (it does run in our nightly builds)." type="pytest.skip">/home/adam.amster/AllenSDK/allensdk/test/brain_observatory/behavior/test_behavior_lims_api.py:317: this test is either time/memory/compute expensive or it depends on resources internal to the Allen Institute. Either way, it does'nt run by default and must be opted into (it does run in our nightly builds).</skipped></testcase><testcase classname="allensdk.test.brain_observatory.behavior.test_behavior_lims_api.TestBehaviorRegression" name="test_get_running_acquisition_df_regression" time="0.000"><skipped message="this test is either time/memory/compute expensive or it depends on resources internal to the Allen Institute. Either way, it does'nt run by default and must be opted into (it does run in our nightly builds)." type="pytest.skip">/home/adam.amster/AllenSDK/allensdk/test/brain_observatory/behavior/test_behavior_lims_api.py:326: this test is either time/memory/compute expensive or it depends on resources internal to the Allen Institute. Either way, it does'nt run by default and must be opted into (it does run in our nightly builds).</skipped></testcase><testcase classname="allensdk.test.brain_observatory.behavior.test_behavior_lims_api.TestBehaviorRegression" name="test_get_stimulus_presentations_regression" time="0.000"><skipped message="this test is either time/memory/compute expensive or it depends on resources internal to the Allen Institute. Either way, it does'nt run by default and must be opted into (it does run in our nightly builds)." type="pytest.skip">/home/adam.amster/AllenSDK/allensdk/test/brain_observatory/behavior/test_behavior_lims_api.py:335: this test is either time/memory/compute expensive or it depends on resources internal to the Allen Institute. Either way, it does'nt run by default and must be opted into (it does run in our nightly builds).</skipped></testcase><testcase classname="allensdk.test.brain_observatory.behavior.test_behavior_lims_api.TestBehaviorRegression" name="test_get_stimulus_template_regression" time="0.000"><skipped message="this test is either time/memory/compute expensive or it depends on resources internal to the Allen Institute. Either way, it does'nt run by default and must be opted into (it does run in our nightly builds)." type="pytest.skip">/home/adam.amster/AllenSDK/allensdk/test/brain_observatory/behavior/test_behavior_lims_api.py:342: this test is either time/memory/compute expensive or it depends on resources internal to the Allen Institute. Either way, it does'nt run by default and must be opted into (it does run in our nightly builds).</skipped></testcase><testcase classname="allensdk.test.brain_observatory.behavior.test_behavior_lims_api.TestBehaviorRegression" name="test_get_task_parameters_regression" time="0.000"><skipped message="this test is either time/memory/compute expensive or it depends on resources internal to the Allen Institute. Either way, it does'nt run by default and must be opted into (it does run in our nightly builds)." type="pytest.skip">/home/adam.amster/AllenSDK/allensdk/test/brain_observatory/behavior/test_behavior_lims_api.py:357: this test is either time/memory/compute expensive or it depends on resources internal to the Allen Institute. Either way, it does'nt run by default and must be opted into (it does run in our nightly builds).</skipped></testcase><testcase classname="allensdk.test.brain_observatory.behavior.test_behavior_lims_api.TestBehaviorRegression" name="test_get_trials_regression" time="0.000"><skipped message="this test is either time/memory/compute expensive or it depends on resources internal to the Allen Institute. Either way, it does'nt run by default and must be opted into (it does run in our nightly builds)." type="pytest.skip">/home/adam.amster/AllenSDK/allensdk/test/brain_observatory/behavior/test_behavior_lims_api.py:373: this test is either time/memory/compute expensive or it depends on resources internal to the Allen Institute. Either way, it does'nt run by default and must be opted into (it does run in our nightly builds).</skipped></testcase><testcase classname="allensdk.test.brain_observatory.behavior.test_behavior_lims_api.TestBehaviorRegression" name="test_get_sex_regression" time="0.000"><skipped message="this test is either time/memory/compute expensive or it depends on resources internal to the Allen Institute. Either way, it does'nt run by default and must be opted into (it does run in our nightly builds)." type="pytest.skip">/home/adam.amster/AllenSDK/allensdk/test/brain_observatory/behavior/test_behavior_lims_api.py:385: this test is either time/memory/compute expensive or it depends on resources internal to the Allen Institute. Either way, it does'nt run by default and must be opted into (it does run in our nightly builds).</skipped></testcase><testcase classname="allensdk.test.brain_observatory.behavior.test_behavior_lims_api.TestBehaviorRegression" name="test_get_equipment_name_regression" time="0.000"><skipped message="this test is either time/memory/compute expensive or it depends on resources internal to the Allen Institute. Either way, it does'nt run by default and must be opted into (it does run in our nightly builds)." type="pytest.skip">/home/adam.amster/AllenSDK/allensdk/test/brain_observatory/behavior/test_behavior_lims_api.py:388: this test is either time/memory/compute expensive or it depends on resources internal to the Allen Institute. Either way, it does'nt run by default and must be opted into (it does run in our nightly builds).</skipped></testcase><testcase classname="allensdk.test.brain_observatory.behavior.test_behavior_lims_api.TestBehaviorRegression" name="test_get_stimulus_name_regression" time="0.000"><skipped message="this test is either time/memory/compute expensive or it depends on resources internal to the Allen Institute. Either way, it does'nt run by default and must be opted into (it does run in our nightly builds)." type="pytest.skip">/home/adam.amster/AllenSDK/allensdk/test/brain_observatory/behavior/test_behavior_lims_api.py:392: this test is either time/memory/compute expensive or it depends on resources internal to the Allen Institute. Either way, it does'nt run by default and must be opted into (it does run in our nightly builds).</skipped></testcase><testcase classname="allensdk.test.brain_observatory.behavior.test_behavior_lims_api.TestBehaviorRegression" name="test_get_reporter_line_regression" time="0.000"><skipped message="this test is either time/memory/compute expensive or it depends on resources internal to the Allen Institute. Either way, it does'nt run by default and must be opted into (it does run in our nightly builds)." type="pytest.skip">/home/adam.amster/AllenSDK/allensdk/test/brain_observatory/behavior/test_behavior_lims_api.py:396: this test is either time/memory/compute expensive or it depends on resources internal to the Allen Institute. Either way, it does'nt run by default and must be opted into (it does run in our nightly builds).</skipped></testcase><testcase classname="allensdk.test.brain_observatory.behavior.test_behavior_lims_api.TestBehaviorRegression" name="test_get_driver_line_regression" time="0.000"><skipped message="this test is either time/memory/compute expensive or it depends on resources internal to the Allen Institute. Either way, it does'nt run by default and must be opted into (it does run in our nightly builds)." type="pytest.skip">/home/adam.amster/AllenSDK/allensdk/test/brain_observatory/behavior/test_behavior_lims_api.py:400: this test is either time/memory/compute expensive or it depends on resources internal to the Allen Institute. Either way, it does'nt run by default and must be opted into (it does run in our nightly builds).</skipped></testcase><testcase classname="allensdk.test.brain_observatory.behavior.test_behavior_lims_api.TestBehaviorRegression" name="test_get_external_specimen_name_regression" time="0.000"><skipped message="this test is either time/memory/compute expensive or it depends on resources internal to the Allen Institute. Either way, it does'nt run by default and must be opted into (it does run in our nightly builds)." type="pytest.skip">/home/adam.amster/AllenSDK/allensdk/test/brain_observatory/behavior/test_behavior_lims_api.py:404: this test is either time/memory/compute expensive or it depends on resources internal to the Allen Institute. Either way, it does'nt run by default and must be opted into (it does run in our nightly builds).</skipped></testcase><testcase classname="allensdk.test.brain_observatory.behavior.test_behavior_lims_api.TestBehaviorRegression" name="test_get_full_genotype_regression" time="0.000"><skipped message="this test is either time/memory/compute expensive or it depends on resources internal to the Allen Institute. Either way, it does'nt run by default and must be opted into (it does run in our nightly builds)." type="pytest.skip">/home/adam.amster/AllenSDK/allensdk/test/brain_observatory/behavior/test_behavior_lims_api.py:408: this test is either time/memory/compute expensive or it depends on resources internal to the Allen Institute. Either way, it does'nt run by default and must be opted into (it does run in our nightly builds).</skipped></testcase><testcase classname="allensdk.test.brain_observatory.behavior.test_behavior_lims_api.TestBehaviorRegression" name="test_get_date_of_acquisition_regression" time="0.000"><skipped message="this test is either time/memory/compute expensive or it depends on resources internal to the Allen Institute. Either way, it does'nt run by default and must be opted into (it does run in our nightly builds)." type="pytest.skip">/home/adam.amster/AllenSDK/allensdk/test/brain_observatory/behavior/test_behavior_lims_api.py:412: this test is either time/memory/compute expensive or it depends on resources internal to the Allen Institute. Either way, it does'nt run by default and must be opted into (it does run in our nightly builds).</skipped></testcase><testcase classname="allensdk.test.brain_observatory.behavior.test_behavior_metadata" name="test_get_task_parameters[basic]" time="0.001" /><testcase classname="allensdk.test.brain_observatory.behavior.test_behavior_metadata" name="test_get_task_parameters[single_value_blank_duration]" time="0.000" /><testcase classname="allensdk.test.brain_observatory.behavior.test_behavior_metadata" name="test_get_task_parameters[stimulus_duration_from_grating]" time="0.001" /><testcase classname="allensdk.test.brain_observatory.behavior.test_behavior_metadata" name="test_get_task_parameters[stimulus_duration_none]" time="0.000" /><testcase classname="allensdk.test.brain_observatory.behavior.test_behavior_metadata" name="test_get_task_parameters_task_id_exception" time="0.000" /><testcase classname="allensdk.test.brain_observatory.behavior.test_behavior_metadata" name="test_get_task_parameters_flash_duration_exception" time="0.000" /><testcase classname="allensdk.test.brain_observatory.behavior.test_behavior_metadata" name="test_get_expt_description_with_valid_session_type[OPHYS_0_images_Z-A behavior training session performed on the 2-photon calcium imaging setup but without recording neural activity, with the goal of habituating the mouse to the experimental setup before commencing imaging of neural activity. Habituation sessions are change detection with the same image set on which the mouse was trained. The session is 75 minutes long, with 5 minutes of gray screen before and after 60 minutes of behavior, followed by 10 repeats of a 30 second natural movie stimulus at the end of the session.]" time="0.001" /><testcase classname="allensdk.test.brain_observatory.behavior.test_behavior_metadata" name="test_get_expt_description_with_valid_session_type[OPHYS_1_images_A-2-photon calcium imaging in the visual cortex of the mouse brain as the mouse performs a visual change detection task with a set of natural images upon which it has been previously trained. Image stimuli are displayed for 250 ms with a 500 ms intervening gray period. 5% of non-change image presentations are randomly omitted. The session is 75 minutes long, with 5 minutes of gray screen before and after 60 minutes of behavior, followed by 10 repeats of a 30 second natural movie stimulus at the end of the session.]" time="0.000" /><testcase classname="allensdk.test.brain_observatory.behavior.test_behavior_metadata" name="test_get_expt_description_with_valid_session_type[OPHYS_2_images_B-2-photon calcium imaging in the visual cortex of the mouse brain as the mouse is passively shown changes in natural scene images upon which it was previously trained as the change detection task is played in open loop mode, with the lick-response sensory withdrawn and the mouse is unable to respond to changes or receive reward feedback. Image stimuli are displayed for 250 ms with a 500 ms intervening gray period. 5% of non-change image presentations are randomly omitted. The session is 75 minutes long, with 5 minutes of gray screen before and after 60 minutes of behavior, followed by 10 repeats of a 30 second natural movie stimulus at the end of the session.]" time="0.000" /><testcase classname="allensdk.test.brain_observatory.behavior.test_behavior_metadata" name="test_get_expt_description_with_valid_session_type[OPHYS_3_images_C-2-photon calcium imaging in the visual cortex of the mouse brain as the mouse performs a visual change detection task with a set of natural images upon which it has been previously trained. Image stimuli are displayed for 250 ms with a 500 ms intervening gray period. 5% of non-change image presentations are randomly omitted. The session is 75 minutes long, with 5 minutes of gray screen before and after 60 minutes of behavior, followed by 10 repeats of a 30 second natural movie stimulus at the end of the session.]" time="0.000" /><testcase classname="allensdk.test.brain_observatory.behavior.test_behavior_metadata" name="test_get_expt_description_with_valid_session_type[OPHYS_4_images_D-2-photon calcium imaging in the visual cortex of the mouse brain as the mouse performs a visual change detection task with natural scene images that are unique from those on which the mouse was trained prior to the imaging phase of the experiment. Image stimuli are displayed for 250 ms with a 500 ms intervening gray period. 5% of non-change image presentations are randomly omitted. The session is 75 minutes long, with 5 minutes of gray screen before and after 60 minutes of behavior, followed by 10 repeats of a 30 second natural movie stimulus at the end of the session.]" time="0.000" /><testcase classname="allensdk.test.brain_observatory.behavior.test_behavior_metadata" name="test_get_expt_description_with_valid_session_type[OPHYS_5_images_E-2-photon calcium imaging in the visual cortex of the mouse brain as the mouse is passively shown changes in natural scene images that are unique from those on which the mouse was trained prior to the imaging phase of the experiment. In this session, the change detection task is played in open loop mode, with the lick-response sensory withdrawn and the mouse is unable to respond to changes or receive reward feedback. Image stimuli are displayed for 250 ms with a 500 ms intervening gray period. 5% of non-change image presentations are randomly omitted. The session is 75 minutes long, with 5 minutes of gray screen before and after 60 minutes of behavior, followed by 10 repeats of a 30 second natural movie stimulus at the end of the session.]" time="0.000" /><testcase classname="allensdk.test.brain_observatory.behavior.test_behavior_metadata" name="test_get_expt_description_with_valid_session_type[OPHYS_6_images_F-2-photon calcium imaging in the visual cortex of the mouse brain as the mouse performs a visual change detection task with natural scene images that are unique from those on which the mouse was trained prior to the imaging phase of the experiment. Image stimuli are displayed for 250 ms with a 500 ms intervening gray period. 5% of non-change image presentations are randomly omitted. The session is 75 minutes long, with 5 minutes of gray screen before and after 60 minutes of behavior, followed by 10 repeats of a 30 second natural movie stimulus at the end of the session.]" time="0.000" /><testcase classname="allensdk.test.brain_observatory.behavior.test_behavior_metadata" name="test_get_expt_description_with_valid_session_type[TRAINING_0_gratings_A-An associative training session where a mouse is automatically rewarded when a grating stimulus changes orientation. Grating stimuli are  full-field, square-wave static gratings with a spatial frequency of 0.04 cycles per degree, with orientation changes between 0 and 90 degrees, at two spatial phases. Delivered rewards are 5ul in volume, and the session lasts for 15 minutes.]" time="0.000" /><testcase classname="allensdk.test.brain_observatory.behavior.test_behavior_metadata" name="test_get_expt_description_with_valid_session_type[TRAINING_1_gratings_B-An operant behavior training session where a mouse must lick following a change in stimulus identity to earn rewards. Stimuli consist of  full-field, square-wave static gratings with a spatial frequency of 0.04 cycles per degree. Orientation changes between 0 and 90 degrees occur with no intervening gray period. Delivered rewards are 10ul in volume, and the session lasts 60 minutes]" time="0.000" /><testcase classname="allensdk.test.brain_observatory.behavior.test_behavior_metadata" name="test_get_expt_description_with_valid_session_type[TRAINING_2_gratings_C-An operant behavior training session where a mouse must lick following a change in stimulus identity to earn rewards. Stimuli consist of full-field, square-wave static gratings with a spatial frequency of 0.04 cycles per degree. Gratings of 0 or 90 degrees are presented for 250 ms with a 500 ms intervening gray period. Delivered rewards are 10ul in volume, and the session lasts 60 minutes.]" time="0.001" /><testcase classname="allensdk.test.brain_observatory.behavior.test_behavior_metadata" name="test_get_expt_description_with_valid_session_type[TRAINING_3_images_D-An operant behavior training session where a mouse must lick following a change in stimulus identity to earn rewards. Stimuli consist of 8 natural scene images, for a total of 64 possible pairwise transitions. Images are shown for 250 ms with a 500 ms intervening gray period. Delivered rewards are 10ul in volume, and the session lasts for 60 minutes]" time="0.000" /><testcase classname="allensdk.test.brain_observatory.behavior.test_behavior_metadata" name="test_get_expt_description_with_valid_session_type[TRAINING_4_images_E-An operant behavior training session where a mouse must lick a spout following a change in stimulus identity to earn rewards. Stimuli consist of 8 natural scene images, for a total of 64 possible pairwise transitions. Images are shown for 250 ms with a 500 ms intervening gray period. Delivered rewards are 7ul in volume, and the session lasts for 60 minutes]" time="0.000" /><testcase classname="allensdk.test.brain_observatory.behavior.test_behavior_metadata" name="test_get_expt_description_with_valid_session_type[TRAINING_3_images_A_10uL_reward-An operant behavior training session where a mouse must lick following a change in stimulus identity to earn rewards. Stimuli consist of 8 natural scene images, for a total of 64 possible pairwise transitions. Images are shown for 250 ms with a 500 ms intervening gray period. Delivered rewards are 10ul in volume, and the session lasts for 60 minutes]" time="0.000" /><testcase classname="allensdk.test.brain_observatory.behavior.test_behavior_metadata" name="test_get_expt_description_with_valid_session_type[TRAINING_5_images_A_handoff_lapsed-An operant behavior training session where a mouse must lick a spout following a change in stimulus identity to earn rewards. Stimuli consist of 8 natural scene images, for a total of 64 possible pairwise transitions. Images are shown for 250 ms with a 500 ms intervening gray period. Delivered rewards are 7ul in volume. The session is 75 minutes long, with 5 minutes of gray screen before and after 60 minutes of behavior, followed by 10 repeats of a 30 second natural movie stimulus at the end of the session.]" time="0.000" /><testcase classname="allensdk.test.brain_observatory.behavior.test_behavior_metadata" name="test_get_expt_description_raises_with_invalid_session_type[bogus_session_type]" time="0.001" /><testcase classname="allensdk.test.brain_observatory.behavior.test_behavior_metadata" name="test_get_expt_description_raises_with_invalid_session_type[stuff]" time="0.000" /><testcase classname="allensdk.test.brain_observatory.behavior.test_behavior_metadata" name="test_get_expt_description_raises_with_invalid_session_type[OPHYS_7]" time="0.000" /><testcase classname="allensdk.test.brain_observatory.behavior.test_behavior_metadata" name="test_cre_line" time="0.001"><failure message="AttributeError: 'BehaviorMetadata' object has no attribute '_full_genotype'">monkeypatch = &lt;_pytest.monkeypatch.MonkeyPatch object at 0x7fce99b7c810&gt;

    def test_cre_line(monkeypatch):
        """Tests that cre_line properly parsed from driver_line"""
        with monkeypatch.context() as ctx:
            def dummy_init(self):
                pass
    
            def full_genotype(self):
                return 'Sst-IRES-Cre/wt;Ai148(TIT2L-GC6f-ICL-tTA2)/wt'
    
            ctx.setattr(BehaviorMetadata,
                        '__init__',
                        dummy_init)
            ctx.setattr(BehaviorMetadata,
                        'full_genotype',
                        property(full_genotype))
    
            metadata = BehaviorMetadata()
    
&gt;           assert metadata.cre_line == 'Sst-IRES-Cre'

test_behavior_metadata.py:346: 
_ _ _ _ _ _ _ _ _ _ _ _ _ _ _ _ _ _ _ _ _ _ _ _ _ _ _ _ _ _ _ _ _ _ _ _ _ _ _ _ _ _ _ _ _ _ _ _ _ _ _ _ _ _ _ _ _ _ _ _ _ _ _ _ _ _ _ _ _ _ _ _ _ _ _ _ _ _ _ _ _ _ _ _ _ _ _ _ _ _ _ _ _ _ _ _ _ _ _ _ _ _ _ _ _ _ _ _ _ _ _ _ _ _ _ _ _ 

self = &lt;allensdk.brain_observatory.behavior.data_objects.metadata.behavior_metadata.behavior_metadata.BehaviorMetadata object at 0x7fce99b7c7d0&gt;

    @property
    def cre_line(self) -&gt; Optional[str]:
&gt;       return self._full_genotype.parse_cre_line(warn=True)
E       AttributeError: 'BehaviorMetadata' object has no attribute '_full_genotype'

../../../brain_observatory/behavior/data_objects/metadata/behavior_metadata/behavior_metadata.py:326: AttributeError</failure></testcase><testcase classname="allensdk.test.brain_observatory.behavior.test_behavior_metadata" name="test_cre_line_bad_full_genotype" time="0.001"><failure message="AttributeError: 'BehaviorMetadata' object has no attribute '_full_genotype'">monkeypatch = &lt;_pytest.monkeypatch.MonkeyPatch object at 0x7fce99ad5290&gt;

    def test_cre_line_bad_full_genotype(monkeypatch):
        """Test that cre_line is None and no error raised"""
        with monkeypatch.context() as ctx:
            def dummy_init(self):
                pass
    
            def full_genotype(self):
                return 'foo'
    
            ctx.setattr(BehaviorMetadata,
                        '__init__',
                        dummy_init)
            ctx.setattr(BehaviorMetadata,
                        'full_genotype',
                        property(full_genotype))
    
            metadata = BehaviorMetadata()
    
            with pytest.warns(UserWarning) as record:
&gt;               cre_line = metadata.cre_line

test_behavior_metadata.py:368: 
_ _ _ _ _ _ _ _ _ _ _ _ _ _ _ _ _ _ _ _ _ _ _ _ _ _ _ _ _ _ _ _ _ _ _ _ _ _ _ _ _ _ _ _ _ _ _ _ _ _ _ _ _ _ _ _ _ _ _ _ _ _ _ _ _ _ _ _ _ _ _ _ _ _ _ _ _ _ _ _ _ _ _ _ _ _ _ _ _ _ _ _ _ _ _ _ _ _ _ _ _ _ _ _ _ _ _ _ _ _ _ _ _ _ _ _ _ 

self = &lt;allensdk.brain_observatory.behavior.data_objects.metadata.behavior_metadata.behavior_metadata.BehaviorMetadata object at 0x7fce99ad5390&gt;

    @property
    def cre_line(self) -&gt; Optional[str]:
&gt;       return self._full_genotype.parse_cre_line(warn=True)
E       AttributeError: 'BehaviorMetadata' object has no attribute '_full_genotype'

../../../brain_observatory/behavior/data_objects/metadata/behavior_metadata/behavior_metadata.py:326: AttributeError</failure></testcase><testcase classname="allensdk.test.brain_observatory.behavior.test_behavior_metadata" name="test_reporter_line" time="0.000"><failure message="AttributeError: 'BehaviorMetadata' object has no attribute '_reporter_line'">monkeypatch = &lt;_pytest.monkeypatch.MonkeyPatch object at 0x7fce99b7c6d0&gt;

    def test_reporter_line(monkeypatch):
        """Test that reporter line properly parsed from list"""
    
        class MockExtractor:
            def get_reporter_line(self):
                return ['foo']
    
        extractor = MockExtractor()
    
        with monkeypatch.context() as ctx:
            def dummy_init(self):
                self._extractor = extractor
    
            ctx.setattr(BehaviorMetadata,
                        '__init__',
                        dummy_init)
    
            metadata = BehaviorMetadata()
    
&gt;           assert metadata.reporter_line == 'foo'

test_behavior_metadata.py:393: 
_ _ _ _ _ _ _ _ _ _ _ _ _ _ _ _ _ _ _ _ _ _ _ _ _ _ _ _ _ _ _ _ _ _ _ _ _ _ _ _ _ _ _ _ _ _ _ _ _ _ _ _ _ _ _ _ _ _ _ _ _ _ _ _ _ _ _ _ _ _ _ _ _ _ _ _ _ _ _ _ _ _ _ _ _ _ _ _ _ _ _ _ _ _ _ _ _ _ _ _ _ _ _ _ _ _ _ _ _ _ _ _ _ _ _ _ _ 

self = &lt;allensdk.brain_observatory.behavior.data_objects.metadata.behavior_metadata.behavior_metadata.BehaviorMetadata object at 0x7fce99b7c150&gt;

    @property
    def reporter_line(self) -&gt; Optional[str]:
&gt;       return self._reporter_line.value
E       AttributeError: 'BehaviorMetadata' object has no attribute '_reporter_line'

../../../brain_observatory/behavior/data_objects/metadata/behavior_metadata/behavior_metadata.py:314: AttributeError</failure></testcase><testcase classname="allensdk.test.brain_observatory.behavior.test_behavior_metadata" name="test_reporter_line_str" time="0.001"><failure message="AttributeError: 'BehaviorMetadata' object has no attribute '_reporter_line'">monkeypatch = &lt;_pytest.monkeypatch.MonkeyPatch object at 0x7fce99add250&gt;

    def test_reporter_line_str(monkeypatch):
        """Test that reporter line returns itself if str"""
    
        class MockExtractor:
            def get_reporter_line(self):
                return 'foo'
    
        extractor = MockExtractor()
    
        with monkeypatch.context() as ctx:
            def dummy_init(self):
                self._extractor = extractor
    
            ctx.setattr(BehaviorMetadata,
                        '__init__',
                        dummy_init)
    
            metadata = BehaviorMetadata()
    
&gt;           assert metadata.reporter_line == 'foo'

test_behavior_metadata.py:415: 
_ _ _ _ _ _ _ _ _ _ _ _ _ _ _ _ _ _ _ _ _ _ _ _ _ _ _ _ _ _ _ _ _ _ _ _ _ _ _ _ _ _ _ _ _ _ _ _ _ _ _ _ _ _ _ _ _ _ _ _ _ _ _ _ _ _ _ _ _ _ _ _ _ _ _ _ _ _ _ _ _ _ _ _ _ _ _ _ _ _ _ _ _ _ _ _ _ _ _ _ _ _ _ _ _ _ _ _ _ _ _ _ _ _ _ _ _ 

self = &lt;allensdk.brain_observatory.behavior.data_objects.metadata.behavior_metadata.behavior_metadata.BehaviorMetadata object at 0x7fce99add510&gt;

    @property
    def reporter_line(self) -&gt; Optional[str]:
&gt;       return self._reporter_line.value
E       AttributeError: 'BehaviorMetadata' object has no attribute '_reporter_line'

../../../brain_observatory/behavior/data_objects/metadata/behavior_metadata/behavior_metadata.py:314: AttributeError</failure></testcase><testcase classname="allensdk.test.brain_observatory.behavior.test_behavior_metadata" name="test_reporter_edge_cases[input_reporter_line0-More than 1 reporter line. Returning the first one-foo]" time="0.001"><failure message="AttributeError: 'BehaviorMetadata' object has no attribute '_reporter_line'">monkeypatch = &lt;_pytest.monkeypatch.MonkeyPatch object at 0x7fce99add390&gt;, input_reporter_line = ('foo', 'bar'), warning_msg = 'More than 1 reporter line. Returning the first one', expected = 'foo'

    @pytest.mark.parametrize("input_reporter_line, warning_msg, expected", (
            (('foo', 'bar'), 'More than 1 reporter line. '
                             'Returning the first one', 'foo'),
            (None, 'Error parsing reporter line. It is null.', None),
            ([], 'Error parsing reporter line. The array is empty', None)
    )
                             )
    def test_reporter_edge_cases(monkeypatch, input_reporter_line, warning_msg,
                                 expected):
        """Test reporter line edge cases"""
    
        class MockExtractor:
            def get_reporter_line(self):
                return input_reporter_line
    
        extractor = MockExtractor()
    
        with monkeypatch.context() as ctx:
            def dummy_init(self):
                self._extractor = extractor
    
            ctx.setattr(BehaviorMetadata,
                        '__init__',
                        dummy_init)
            metadata = BehaviorMetadata()
    
            with pytest.warns(UserWarning) as record:
&gt;               reporter_line = metadata.reporter_line

test_behavior_metadata.py:445: 
_ _ _ _ _ _ _ _ _ _ _ _ _ _ _ _ _ _ _ _ _ _ _ _ _ _ _ _ _ _ _ _ _ _ _ _ _ _ _ _ _ _ _ _ _ _ _ _ _ _ _ _ _ _ _ _ _ _ _ _ _ _ _ _ _ _ _ _ _ _ _ _ _ _ _ _ _ _ _ _ _ _ _ _ _ _ _ _ _ _ _ _ _ _ _ _ _ _ _ _ _ _ _ _ _ _ _ _ _ _ _ _ _ _ _ _ _ 

self = &lt;allensdk.brain_observatory.behavior.data_objects.metadata.behavior_metadata.behavior_metadata.BehaviorMetadata object at 0x7fce99add9d0&gt;

    @property
    def reporter_line(self) -&gt; Optional[str]:
&gt;       return self._reporter_line.value
E       AttributeError: 'BehaviorMetadata' object has no attribute '_reporter_line'

../../../brain_observatory/behavior/data_objects/metadata/behavior_metadata/behavior_metadata.py:314: AttributeError</failure></testcase><testcase classname="allensdk.test.brain_observatory.behavior.test_behavior_metadata" name="test_reporter_edge_cases[None-Error parsing reporter line. It is null.-None]" time="0.001"><failure message="AttributeError: 'BehaviorMetadata' object has no attribute '_reporter_line'">monkeypatch = &lt;_pytest.monkeypatch.MonkeyPatch object at 0x7fce99add290&gt;, input_reporter_line = None, warning_msg = 'Error parsing reporter line. It is null.', expected = None

    @pytest.mark.parametrize("input_reporter_line, warning_msg, expected", (
            (('foo', 'bar'), 'More than 1 reporter line. '
                             'Returning the first one', 'foo'),
            (None, 'Error parsing reporter line. It is null.', None),
            ([], 'Error parsing reporter line. The array is empty', None)
    )
                             )
    def test_reporter_edge_cases(monkeypatch, input_reporter_line, warning_msg,
                                 expected):
        """Test reporter line edge cases"""
    
        class MockExtractor:
            def get_reporter_line(self):
                return input_reporter_line
    
        extractor = MockExtractor()
    
        with monkeypatch.context() as ctx:
            def dummy_init(self):
                self._extractor = extractor
    
            ctx.setattr(BehaviorMetadata,
                        '__init__',
                        dummy_init)
            metadata = BehaviorMetadata()
    
            with pytest.warns(UserWarning) as record:
&gt;               reporter_line = metadata.reporter_line

test_behavior_metadata.py:445: 
_ _ _ _ _ _ _ _ _ _ _ _ _ _ _ _ _ _ _ _ _ _ _ _ _ _ _ _ _ _ _ _ _ _ _ _ _ _ _ _ _ _ _ _ _ _ _ _ _ _ _ _ _ _ _ _ _ _ _ _ _ _ _ _ _ _ _ _ _ _ _ _ _ _ _ _ _ _ _ _ _ _ _ _ _ _ _ _ _ _ _ _ _ _ _ _ _ _ _ _ _ _ _ _ _ _ _ _ _ _ _ _ _ _ _ _ _ 

self = &lt;allensdk.brain_observatory.behavior.data_objects.metadata.behavior_metadata.behavior_metadata.BehaviorMetadata object at 0x7fce99a562d0&gt;

    @property
    def reporter_line(self) -&gt; Optional[str]:
&gt;       return self._reporter_line.value
E       AttributeError: 'BehaviorMetadata' object has no attribute '_reporter_line'

../../../brain_observatory/behavior/data_objects/metadata/behavior_metadata/behavior_metadata.py:314: AttributeError</failure></testcase><testcase classname="allensdk.test.brain_observatory.behavior.test_behavior_metadata" name="test_reporter_edge_cases[input_reporter_line2-Error parsing reporter line. The array is empty-None]" time="0.001"><failure message="AttributeError: 'BehaviorMetadata' object has no attribute '_reporter_line'">monkeypatch = &lt;_pytest.monkeypatch.MonkeyPatch object at 0x7fce99a56ed0&gt;, input_reporter_line = [], warning_msg = 'Error parsing reporter line. The array is empty', expected = None

    @pytest.mark.parametrize("input_reporter_line, warning_msg, expected", (
            (('foo', 'bar'), 'More than 1 reporter line. '
                             'Returning the first one', 'foo'),
            (None, 'Error parsing reporter line. It is null.', None),
            ([], 'Error parsing reporter line. The array is empty', None)
    )
                             )
    def test_reporter_edge_cases(monkeypatch, input_reporter_line, warning_msg,
                                 expected):
        """Test reporter line edge cases"""
    
        class MockExtractor:
            def get_reporter_line(self):
                return input_reporter_line
    
        extractor = MockExtractor()
    
        with monkeypatch.context() as ctx:
            def dummy_init(self):
                self._extractor = extractor
    
            ctx.setattr(BehaviorMetadata,
                        '__init__',
                        dummy_init)
            metadata = BehaviorMetadata()
    
            with pytest.warns(UserWarning) as record:
&gt;               reporter_line = metadata.reporter_line

test_behavior_metadata.py:445: 
_ _ _ _ _ _ _ _ _ _ _ _ _ _ _ _ _ _ _ _ _ _ _ _ _ _ _ _ _ _ _ _ _ _ _ _ _ _ _ _ _ _ _ _ _ _ _ _ _ _ _ _ _ _ _ _ _ _ _ _ _ _ _ _ _ _ _ _ _ _ _ _ _ _ _ _ _ _ _ _ _ _ _ _ _ _ _ _ _ _ _ _ _ _ _ _ _ _ _ _ _ _ _ _ _ _ _ _ _ _ _ _ _ _ _ _ _ 

self = &lt;allensdk.brain_observatory.behavior.data_objects.metadata.behavior_metadata.behavior_metadata.BehaviorMetadata object at 0x7fce99a6f150&gt;

    @property
    def reporter_line(self) -&gt; Optional[str]:
&gt;       return self._reporter_line.value
E       AttributeError: 'BehaviorMetadata' object has no attribute '_reporter_line'

../../../brain_observatory/behavior/data_objects/metadata/behavior_metadata/behavior_metadata.py:314: AttributeError</failure></testcase><testcase classname="allensdk.test.brain_observatory.behavior.test_behavior_metadata" name="test_age_in_days" time="0.001"><failure message="AttributeError: 'BehaviorMetadata' object has no attribute '_age'">monkeypatch = &lt;_pytest.monkeypatch.MonkeyPatch object at 0x7fce99a6ffd0&gt;

    def test_age_in_days(monkeypatch):
        """Test that age_in_days properly parsed from age"""
    
        class MockExtractor:
            def get_age(self):
                return 'P123'
    
        extractor = MockExtractor()
    
        with monkeypatch.context() as ctx:
            def dummy_init(self):
                self._extractor = extractor
    
            ctx.setattr(BehaviorMetadata,
                        '__init__',
                        dummy_init)
    
            metadata = BehaviorMetadata()
    
&gt;           assert metadata.age_in_days == 123

test_behavior_metadata.py:470: 
_ _ _ _ _ _ _ _ _ _ _ _ _ _ _ _ _ _ _ _ _ _ _ _ _ _ _ _ _ _ _ _ _ _ _ _ _ _ _ _ _ _ _ _ _ _ _ _ _ _ _ _ _ _ _ _ _ _ _ _ _ _ _ _ _ _ _ _ _ _ _ _ _ _ _ _ _ _ _ _ _ _ _ _ _ _ _ _ _ _ _ _ _ _ _ _ _ _ _ _ _ _ _ _ _ _ _ _ _ _ _ _ _ _ _ _ _ 

self = &lt;allensdk.brain_observatory.behavior.data_objects.metadata.behavior_metadata.behavior_metadata.BehaviorMetadata object at 0x7fce99a6ff10&gt;

    @property
    def age_in_days(self) -&gt; Optional[int]:
&gt;       return self._age.value
E       AttributeError: 'BehaviorMetadata' object has no attribute '_age'

../../../brain_observatory/behavior/data_objects/metadata/behavior_metadata/behavior_metadata.py:298: AttributeError</failure></testcase><testcase classname="allensdk.test.brain_observatory.behavior.test_behavior_metadata" name="test_age_in_days_edge_cases[unkown-Could not parse numeric age from age code (age code does not start with &quot;P&quot;)-None]" time="0.001"><failure message="AttributeError: 'BehaviorMetadata' object has no attribute '_age'">monkeypatch = &lt;_pytest.monkeypatch.MonkeyPatch object at 0x7fce99a6f910&gt;, input_age = 'unkown', warning_msg = 'Could not parse numeric age from age code (age code does not start with "P")', expected = None

    @pytest.mark.parametrize("input_age, warning_msg, expected", (
            ('unkown', 'Could not parse numeric age from age code '
                       '(age code does not start with "P")', None),
            ('P', 'Could not parse numeric age from age code '
                  '(no numeric values found in age code)', None)
    )
                             )
    def test_age_in_days_edge_cases(monkeypatch, input_age, warning_msg,
                                    expected):
        """Test age in days edge cases"""
    
        class MockExtractor:
            def get_age(self):
                return input_age
    
        extractor = MockExtractor()
    
        with monkeypatch.context() as ctx:
            def dummy_init(self):
                self._extractor = extractor
    
            ctx.setattr(BehaviorMetadata,
                        '__init__',
                        dummy_init)
    
            metadata = BehaviorMetadata()
    
            with pytest.warns(UserWarning) as record:
&gt;               age_in_days = metadata.age_in_days

test_behavior_metadata.py:501: 
_ _ _ _ _ _ _ _ _ _ _ _ _ _ _ _ _ _ _ _ _ _ _ _ _ _ _ _ _ _ _ _ _ _ _ _ _ _ _ _ _ _ _ _ _ _ _ _ _ _ _ _ _ _ _ _ _ _ _ _ _ _ _ _ _ _ _ _ _ _ _ _ _ _ _ _ _ _ _ _ _ _ _ _ _ _ _ _ _ _ _ _ _ _ _ _ _ _ _ _ _ _ _ _ _ _ _ _ _ _ _ _ _ _ _ _ _ 

self = &lt;allensdk.brain_observatory.behavior.data_objects.metadata.behavior_metadata.behavior_metadata.BehaviorMetadata object at 0x7fce99a6d750&gt;

    @property
    def age_in_days(self) -&gt; Optional[int]:
&gt;       return self._age.value
E       AttributeError: 'BehaviorMetadata' object has no attribute '_age'

../../../brain_observatory/behavior/data_objects/metadata/behavior_metadata/behavior_metadata.py:298: AttributeError</failure></testcase><testcase classname="allensdk.test.brain_observatory.behavior.test_behavior_metadata" name="test_age_in_days_edge_cases[P-Could not parse numeric age from age code (no numeric values found in age code)-None]" time="0.001"><failure message="AttributeError: 'BehaviorMetadata' object has no attribute '_age'">monkeypatch = &lt;_pytest.monkeypatch.MonkeyPatch object at 0x7fce99a6dd50&gt;, input_age = 'P', warning_msg = 'Could not parse numeric age from age code (no numeric values found in age code)', expected = None

    @pytest.mark.parametrize("input_age, warning_msg, expected", (
            ('unkown', 'Could not parse numeric age from age code '
                       '(age code does not start with "P")', None),
            ('P', 'Could not parse numeric age from age code '
                  '(no numeric values found in age code)', None)
    )
                             )
    def test_age_in_days_edge_cases(monkeypatch, input_age, warning_msg,
                                    expected):
        """Test age in days edge cases"""
    
        class MockExtractor:
            def get_age(self):
                return input_age
    
        extractor = MockExtractor()
    
        with monkeypatch.context() as ctx:
            def dummy_init(self):
                self._extractor = extractor
    
            ctx.setattr(BehaviorMetadata,
                        '__init__',
                        dummy_init)
    
            metadata = BehaviorMetadata()
    
            with pytest.warns(UserWarning) as record:
&gt;               age_in_days = metadata.age_in_days

test_behavior_metadata.py:501: 
_ _ _ _ _ _ _ _ _ _ _ _ _ _ _ _ _ _ _ _ _ _ _ _ _ _ _ _ _ _ _ _ _ _ _ _ _ _ _ _ _ _ _ _ _ _ _ _ _ _ _ _ _ _ _ _ _ _ _ _ _ _ _ _ _ _ _ _ _ _ _ _ _ _ _ _ _ _ _ _ _ _ _ _ _ _ _ _ _ _ _ _ _ _ _ _ _ _ _ _ _ _ _ _ _ _ _ _ _ _ _ _ _ _ _ _ _ 

self = &lt;allensdk.brain_observatory.behavior.data_objects.metadata.behavior_metadata.behavior_metadata.BehaviorMetadata object at 0x7fce99a6d110&gt;

    @property
    def age_in_days(self) -&gt; Optional[int]:
&gt;       return self._age.value
E       AttributeError: 'BehaviorMetadata' object has no attribute '_age'

../../../brain_observatory/behavior/data_objects/metadata/behavior_metadata/behavior_metadata.py:298: AttributeError</failure></testcase><testcase classname="allensdk.test.brain_observatory.behavior.test_behavior_metadata" name="test_get_date_of_acquisition[test_params0-None]" time="0.013"><failure message="AttributeError: 'BehaviorMetadata' object has no attribute '_date_of_acquisition'">monkeypatch = &lt;_pytest.monkeypatch.MonkeyPatch object at 0x7fce99a634d0&gt;, tmp_path = PosixPath('/tmp/pytest-of-adam.amster/pytest-0/test_get_date_of_acquisition_t0')
test_params = {'behavior_session_id': 1, 'extractor_expt_date': datetime.datetime(2021, 3, 14, 3, 14, 15), 'pkl_expt_date': datetime.datetime(2021, 3, 14, 3, 14, 15)}, expected_warn_msg = None

    @pytest.mark.parametrize("test_params, expected_warn_msg", [
        # Vanilla test case
        ({
             "extractor_expt_date": datetime.strptime("2021-03-14 03:14:15",
                                                      "%Y-%m-%d %H:%M:%S"),
             "pkl_expt_date": datetime.strptime("2021-03-14 03:14:15",
                                                "%Y-%m-%d %H:%M:%S"),
             "behavior_session_id": 1
         }, None),
    
        # pkl expt date stored in unix format
        ({
             "extractor_expt_date": datetime.strptime("2021-03-14 03:14:15",
                                                      "%Y-%m-%d %H:%M:%S"),
             "pkl_expt_date": 1615716855.0,
             "behavior_session_id": 2
         }, None),
    
        # Extractor and pkl dates differ significantly
        ({
             "extractor_expt_date": datetime.strptime("2021-03-14 03:14:15",
                                                      "%Y-%m-%d %H:%M:%S"),
             "pkl_expt_date": datetime.strptime("2021-03-14 20:14:15",
                                                "%Y-%m-%d %H:%M:%S"),
             "behavior_session_id": 3
         },
         "The `date_of_acquisition` field in LIMS *"),
    
        # pkl file contains an unparseable datetime
        ({
             "extractor_expt_date": datetime.strptime("2021-03-14 03:14:15",
                                                      "%Y-%m-%d %H:%M:%S"),
             "pkl_expt_date": None,
             "behavior_session_id": 4
         },
         "Could not parse the acquisition datetime *"),
    ])
    def test_get_date_of_acquisition(monkeypatch, tmp_path, test_params,
                                     expected_warn_msg):
        mock_session_id = test_params["behavior_session_id"]
    
        pkl_save_path = tmp_path / f"mock_pkl_{mock_session_id}.pkl"
        with open(pkl_save_path, 'wb') as handle:
            pickle.dump({"start_time": test_params['pkl_expt_date']}, handle)
        behavior_stimulus_file = pd.read_pickle(pkl_save_path)
    
        tz = pytz.timezone("America/Los_Angeles")
        extractor_expt_date = tz.localize(
            test_params['extractor_expt_date']).astimezone(pytz.utc)
    
        class MockExtractor():
            def get_date_of_acquisition(self):
                return extractor_expt_date
    
            def get_behavior_session_id(self):
                return test_params['behavior_session_id']
    
            def get_behavior_stimulus_file(self):
                return pkl_save_path
    
        extractor = MockExtractor()
    
        with monkeypatch.context() as ctx:
            def dummy_init(self, extractor, behavior_stimulus_file):
                self._extractor = extractor
                self._behavior_stimulus_file = behavior_stimulus_file
    
            ctx.setattr(BehaviorMetadata,
                        '__init__',
                        dummy_init)
    
            metadata = BehaviorMetadata(
                extractor=extractor,
                behavior_stimulus_file=behavior_stimulus_file)
    
            if expected_warn_msg:
                with pytest.warns(Warning, match=expected_warn_msg):
                    obt_date = metadata.date_of_acquisition
            else:
&gt;               obt_date = metadata.date_of_acquisition

test_behavior_metadata.py:586: 
_ _ _ _ _ _ _ _ _ _ _ _ _ _ _ _ _ _ _ _ _ _ _ _ _ _ _ _ _ _ _ _ _ _ _ _ _ _ _ _ _ _ _ _ _ _ _ _ _ _ _ _ _ _ _ _ _ _ _ _ _ _ _ _ _ _ _ _ _ _ _ _ _ _ _ _ _ _ _ _ _ _ _ _ _ _ _ _ _ _ _ _ _ _ _ _ _ _ _ _ _ _ _ _ _ _ _ _ _ _ _ _ _ _ _ _ _ 

self = &lt;allensdk.brain_observatory.behavior.data_objects.metadata.behavior_metadata.behavior_metadata.BehaviorMetadata object at 0x7fcf01f2b9d0&gt;

    @property
    def date_of_acquisition(self) -&gt; datetime:
&gt;       return self._date_of_acquisition.value
E       AttributeError: 'BehaviorMetadata' object has no attribute '_date_of_acquisition'

../../../brain_observatory/behavior/data_objects/metadata/behavior_metadata/behavior_metadata.py:310: AttributeError</failure></testcase><testcase classname="allensdk.test.brain_observatory.behavior.test_behavior_metadata" name="test_get_date_of_acquisition[test_params1-None]" time="0.001"><failure message="AttributeError: 'BehaviorMetadata' object has no attribute '_date_of_acquisition'">monkeypatch = &lt;_pytest.monkeypatch.MonkeyPatch object at 0x7fce99a84f90&gt;, tmp_path = PosixPath('/tmp/pytest-of-adam.amster/pytest-0/test_get_date_of_acquisition_t1')
test_params = {'behavior_session_id': 2, 'extractor_expt_date': datetime.datetime(2021, 3, 14, 3, 14, 15), 'pkl_expt_date': 1615716855.0}, expected_warn_msg = None

    @pytest.mark.parametrize("test_params, expected_warn_msg", [
        # Vanilla test case
        ({
             "extractor_expt_date": datetime.strptime("2021-03-14 03:14:15",
                                                      "%Y-%m-%d %H:%M:%S"),
             "pkl_expt_date": datetime.strptime("2021-03-14 03:14:15",
                                                "%Y-%m-%d %H:%M:%S"),
             "behavior_session_id": 1
         }, None),
    
        # pkl expt date stored in unix format
        ({
             "extractor_expt_date": datetime.strptime("2021-03-14 03:14:15",
                                                      "%Y-%m-%d %H:%M:%S"),
             "pkl_expt_date": 1615716855.0,
             "behavior_session_id": 2
         }, None),
    
        # Extractor and pkl dates differ significantly
        ({
             "extractor_expt_date": datetime.strptime("2021-03-14 03:14:15",
                                                      "%Y-%m-%d %H:%M:%S"),
             "pkl_expt_date": datetime.strptime("2021-03-14 20:14:15",
                                                "%Y-%m-%d %H:%M:%S"),
             "behavior_session_id": 3
         },
         "The `date_of_acquisition` field in LIMS *"),
    
        # pkl file contains an unparseable datetime
        ({
             "extractor_expt_date": datetime.strptime("2021-03-14 03:14:15",
                                                      "%Y-%m-%d %H:%M:%S"),
             "pkl_expt_date": None,
             "behavior_session_id": 4
         },
         "Could not parse the acquisition datetime *"),
    ])
    def test_get_date_of_acquisition(monkeypatch, tmp_path, test_params,
                                     expected_warn_msg):
        mock_session_id = test_params["behavior_session_id"]
    
        pkl_save_path = tmp_path / f"mock_pkl_{mock_session_id}.pkl"
        with open(pkl_save_path, 'wb') as handle:
            pickle.dump({"start_time": test_params['pkl_expt_date']}, handle)
        behavior_stimulus_file = pd.read_pickle(pkl_save_path)
    
        tz = pytz.timezone("America/Los_Angeles")
        extractor_expt_date = tz.localize(
            test_params['extractor_expt_date']).astimezone(pytz.utc)
    
        class MockExtractor():
            def get_date_of_acquisition(self):
                return extractor_expt_date
    
            def get_behavior_session_id(self):
                return test_params['behavior_session_id']
    
            def get_behavior_stimulus_file(self):
                return pkl_save_path
    
        extractor = MockExtractor()
    
        with monkeypatch.context() as ctx:
            def dummy_init(self, extractor, behavior_stimulus_file):
                self._extractor = extractor
                self._behavior_stimulus_file = behavior_stimulus_file
    
            ctx.setattr(BehaviorMetadata,
                        '__init__',
                        dummy_init)
    
            metadata = BehaviorMetadata(
                extractor=extractor,
                behavior_stimulus_file=behavior_stimulus_file)
    
            if expected_warn_msg:
                with pytest.warns(Warning, match=expected_warn_msg):
                    obt_date = metadata.date_of_acquisition
            else:
&gt;               obt_date = metadata.date_of_acquisition

test_behavior_metadata.py:586: 
_ _ _ _ _ _ _ _ _ _ _ _ _ _ _ _ _ _ _ _ _ _ _ _ _ _ _ _ _ _ _ _ _ _ _ _ _ _ _ _ _ _ _ _ _ _ _ _ _ _ _ _ _ _ _ _ _ _ _ _ _ _ _ _ _ _ _ _ _ _ _ _ _ _ _ _ _ _ _ _ _ _ _ _ _ _ _ _ _ _ _ _ _ _ _ _ _ _ _ _ _ _ _ _ _ _ _ _ _ _ _ _ _ _ _ _ _ 

self = &lt;allensdk.brain_observatory.behavior.data_objects.metadata.behavior_metadata.behavior_metadata.BehaviorMetadata object at 0x7fce99a84950&gt;

    @property
    def date_of_acquisition(self) -&gt; datetime:
&gt;       return self._date_of_acquisition.value
E       AttributeError: 'BehaviorMetadata' object has no attribute '_date_of_acquisition'

../../../brain_observatory/behavior/data_objects/metadata/behavior_metadata/behavior_metadata.py:310: AttributeError</failure></testcase><testcase classname="allensdk.test.brain_observatory.behavior.test_behavior_metadata" name="test_get_date_of_acquisition[test_params2-The `date_of_acquisition` field in LIMS *]" time="0.002"><failure message="AttributeError: 'BehaviorMetadata' object has no attribute '_date_of_acquisition'">monkeypatch = &lt;_pytest.monkeypatch.MonkeyPatch object at 0x7fce99a84fd0&gt;, tmp_path = PosixPath('/tmp/pytest-of-adam.amster/pytest-0/test_get_date_of_acquisition_t2')
test_params = {'behavior_session_id': 3, 'extractor_expt_date': datetime.datetime(2021, 3, 14, 3, 14, 15), 'pkl_expt_date': datetime.datetime(2021, 3, 14, 20, 14, 15)}, expected_warn_msg = 'The `date_of_acquisition` field in LIMS *'

    @pytest.mark.parametrize("test_params, expected_warn_msg", [
        # Vanilla test case
        ({
             "extractor_expt_date": datetime.strptime("2021-03-14 03:14:15",
                                                      "%Y-%m-%d %H:%M:%S"),
             "pkl_expt_date": datetime.strptime("2021-03-14 03:14:15",
                                                "%Y-%m-%d %H:%M:%S"),
             "behavior_session_id": 1
         }, None),
    
        # pkl expt date stored in unix format
        ({
             "extractor_expt_date": datetime.strptime("2021-03-14 03:14:15",
                                                      "%Y-%m-%d %H:%M:%S"),
             "pkl_expt_date": 1615716855.0,
             "behavior_session_id": 2
         }, None),
    
        # Extractor and pkl dates differ significantly
        ({
             "extractor_expt_date": datetime.strptime("2021-03-14 03:14:15",
                                                      "%Y-%m-%d %H:%M:%S"),
             "pkl_expt_date": datetime.strptime("2021-03-14 20:14:15",
                                                "%Y-%m-%d %H:%M:%S"),
             "behavior_session_id": 3
         },
         "The `date_of_acquisition` field in LIMS *"),
    
        # pkl file contains an unparseable datetime
        ({
             "extractor_expt_date": datetime.strptime("2021-03-14 03:14:15",
                                                      "%Y-%m-%d %H:%M:%S"),
             "pkl_expt_date": None,
             "behavior_session_id": 4
         },
         "Could not parse the acquisition datetime *"),
    ])
    def test_get_date_of_acquisition(monkeypatch, tmp_path, test_params,
                                     expected_warn_msg):
        mock_session_id = test_params["behavior_session_id"]
    
        pkl_save_path = tmp_path / f"mock_pkl_{mock_session_id}.pkl"
        with open(pkl_save_path, 'wb') as handle:
            pickle.dump({"start_time": test_params['pkl_expt_date']}, handle)
        behavior_stimulus_file = pd.read_pickle(pkl_save_path)
    
        tz = pytz.timezone("America/Los_Angeles")
        extractor_expt_date = tz.localize(
            test_params['extractor_expt_date']).astimezone(pytz.utc)
    
        class MockExtractor():
            def get_date_of_acquisition(self):
                return extractor_expt_date
    
            def get_behavior_session_id(self):
                return test_params['behavior_session_id']
    
            def get_behavior_stimulus_file(self):
                return pkl_save_path
    
        extractor = MockExtractor()
    
        with monkeypatch.context() as ctx:
            def dummy_init(self, extractor, behavior_stimulus_file):
                self._extractor = extractor
                self._behavior_stimulus_file = behavior_stimulus_file
    
            ctx.setattr(BehaviorMetadata,
                        '__init__',
                        dummy_init)
    
            metadata = BehaviorMetadata(
                extractor=extractor,
                behavior_stimulus_file=behavior_stimulus_file)
    
            if expected_warn_msg:
                with pytest.warns(Warning, match=expected_warn_msg):
&gt;                   obt_date = metadata.date_of_acquisition

test_behavior_metadata.py:584: 
_ _ _ _ _ _ _ _ _ _ _ _ _ _ _ _ _ _ _ _ _ _ _ _ _ _ _ _ _ _ _ _ _ _ _ _ _ _ _ _ _ _ _ _ _ _ _ _ _ _ _ _ _ _ _ _ _ _ _ _ _ _ _ _ _ _ _ _ _ _ _ _ _ _ _ _ _ _ _ _ _ _ _ _ _ _ _ _ _ _ _ _ _ _ _ _ _ _ _ _ _ _ _ _ _ _ _ _ _ _ _ _ _ _ _ _ _ 

self = &lt;allensdk.brain_observatory.behavior.data_objects.metadata.behavior_metadata.behavior_metadata.BehaviorMetadata object at 0x7fcf01f2b910&gt;

    @property
    def date_of_acquisition(self) -&gt; datetime:
&gt;       return self._date_of_acquisition.value
E       AttributeError: 'BehaviorMetadata' object has no attribute '_date_of_acquisition'

../../../brain_observatory/behavior/data_objects/metadata/behavior_metadata/behavior_metadata.py:310: AttributeError</failure></testcase><testcase classname="allensdk.test.brain_observatory.behavior.test_behavior_metadata" name="test_get_date_of_acquisition[test_params3-Could not parse the acquisition datetime *]" time="0.001"><failure message="AttributeError: 'BehaviorMetadata' object has no attribute '_date_of_acquisition'">monkeypatch = &lt;_pytest.monkeypatch.MonkeyPatch object at 0x7fce99a4fe90&gt;, tmp_path = PosixPath('/tmp/pytest-of-adam.amster/pytest-0/test_get_date_of_acquisition_t3')
test_params = {'behavior_session_id': 4, 'extractor_expt_date': datetime.datetime(2021, 3, 14, 3, 14, 15), 'pkl_expt_date': None}, expected_warn_msg = 'Could not parse the acquisition datetime *'

    @pytest.mark.parametrize("test_params, expected_warn_msg", [
        # Vanilla test case
        ({
             "extractor_expt_date": datetime.strptime("2021-03-14 03:14:15",
                                                      "%Y-%m-%d %H:%M:%S"),
             "pkl_expt_date": datetime.strptime("2021-03-14 03:14:15",
                                                "%Y-%m-%d %H:%M:%S"),
             "behavior_session_id": 1
         }, None),
    
        # pkl expt date stored in unix format
        ({
             "extractor_expt_date": datetime.strptime("2021-03-14 03:14:15",
                                                      "%Y-%m-%d %H:%M:%S"),
             "pkl_expt_date": 1615716855.0,
             "behavior_session_id": 2
         }, None),
    
        # Extractor and pkl dates differ significantly
        ({
             "extractor_expt_date": datetime.strptime("2021-03-14 03:14:15",
                                                      "%Y-%m-%d %H:%M:%S"),
             "pkl_expt_date": datetime.strptime("2021-03-14 20:14:15",
                                                "%Y-%m-%d %H:%M:%S"),
             "behavior_session_id": 3
         },
         "The `date_of_acquisition` field in LIMS *"),
    
        # pkl file contains an unparseable datetime
        ({
             "extractor_expt_date": datetime.strptime("2021-03-14 03:14:15",
                                                      "%Y-%m-%d %H:%M:%S"),
             "pkl_expt_date": None,
             "behavior_session_id": 4
         },
         "Could not parse the acquisition datetime *"),
    ])
    def test_get_date_of_acquisition(monkeypatch, tmp_path, test_params,
                                     expected_warn_msg):
        mock_session_id = test_params["behavior_session_id"]
    
        pkl_save_path = tmp_path / f"mock_pkl_{mock_session_id}.pkl"
        with open(pkl_save_path, 'wb') as handle:
            pickle.dump({"start_time": test_params['pkl_expt_date']}, handle)
        behavior_stimulus_file = pd.read_pickle(pkl_save_path)
    
        tz = pytz.timezone("America/Los_Angeles")
        extractor_expt_date = tz.localize(
            test_params['extractor_expt_date']).astimezone(pytz.utc)
    
        class MockExtractor():
            def get_date_of_acquisition(self):
                return extractor_expt_date
    
            def get_behavior_session_id(self):
                return test_params['behavior_session_id']
    
            def get_behavior_stimulus_file(self):
                return pkl_save_path
    
        extractor = MockExtractor()
    
        with monkeypatch.context() as ctx:
            def dummy_init(self, extractor, behavior_stimulus_file):
                self._extractor = extractor
                self._behavior_stimulus_file = behavior_stimulus_file
    
            ctx.setattr(BehaviorMetadata,
                        '__init__',
                        dummy_init)
    
            metadata = BehaviorMetadata(
                extractor=extractor,
                behavior_stimulus_file=behavior_stimulus_file)
    
            if expected_warn_msg:
                with pytest.warns(Warning, match=expected_warn_msg):
&gt;                   obt_date = metadata.date_of_acquisition

test_behavior_metadata.py:584: 
_ _ _ _ _ _ _ _ _ _ _ _ _ _ _ _ _ _ _ _ _ _ _ _ _ _ _ _ _ _ _ _ _ _ _ _ _ _ _ _ _ _ _ _ _ _ _ _ _ _ _ _ _ _ _ _ _ _ _ _ _ _ _ _ _ _ _ _ _ _ _ _ _ _ _ _ _ _ _ _ _ _ _ _ _ _ _ _ _ _ _ _ _ _ _ _ _ _ _ _ _ _ _ _ _ _ _ _ _ _ _ _ _ _ _ _ _ 

self = &lt;allensdk.brain_observatory.behavior.data_objects.metadata.behavior_metadata.behavior_metadata.BehaviorMetadata object at 0x7fce99a4f490&gt;

    @property
    def date_of_acquisition(self) -&gt; datetime:
&gt;       return self._date_of_acquisition.value
E       AttributeError: 'BehaviorMetadata' object has no attribute '_date_of_acquisition'

../../../brain_observatory/behavior/data_objects/metadata/behavior_metadata/behavior_metadata.py:310: AttributeError</failure></testcase><testcase classname="allensdk.test.brain_observatory.behavior.test_behavior_metadata" name="test_indicator" time="0.001"><failure message="AttributeError: 'BehaviorMetadata' object has no attribute '_reporter_line'">monkeypatch = &lt;_pytest.monkeypatch.MonkeyPatch object at 0x7fce99a4f050&gt;

    def test_indicator(monkeypatch):
        """Test that indicator is parsed from full_genotype"""
    
        class MockExtractor:
            def get_reporter_line(self):
                return 'Ai148(TIT2L-GC6f-ICL-tTA2)'
    
        extractor = MockExtractor()
    
        with monkeypatch.context() as ctx:
            def dummy_init(self):
                self._extractor = extractor
    
            ctx.setattr(BehaviorMetadata,
                        '__init__',
                        dummy_init)
    
            metadata = BehaviorMetadata()
    
&gt;           assert metadata.indicator == 'GCaMP6f'

test_behavior_metadata.py:610: 
_ _ _ _ _ _ _ _ _ _ _ _ _ _ _ _ _ _ _ _ _ _ _ _ _ _ _ _ _ _ _ _ _ _ _ _ _ _ _ _ _ _ _ _ _ _ _ _ _ _ _ _ _ _ _ _ _ _ _ _ _ _ _ _ _ _ _ _ _ _ _ _ _ _ _ _ _ _ _ _ _ _ _ _ _ _ _ _ _ _ _ _ _ _ _ _ _ _ _ _ _ _ _ _ _ _ _ _ _ _ _ _ _ _ _ _ _ 

self = &lt;allensdk.brain_observatory.behavior.data_objects.metadata.behavior_metadata.behavior_metadata.BehaviorMetadata object at 0x7fce99a818d0&gt;

    @property
    def indicator(self) -&gt; Optional[str]:
&gt;       return self._reporter_line.indicator
E       AttributeError: 'BehaviorMetadata' object has no attribute '_reporter_line'

../../../brain_observatory/behavior/data_objects/metadata/behavior_metadata/behavior_metadata.py:318: AttributeError</failure></testcase><testcase classname="allensdk.test.brain_observatory.behavior.test_behavior_metadata" name="test_indicator_edge_cases[None-Error parsing reporter line. It is null.-None]" time="0.001"><failure message="AttributeError: 'BehaviorMetadata' object has no attribute '_reporter_line'">monkeypatch = &lt;_pytest.monkeypatch.MonkeyPatch object at 0x7fce99a81b10&gt;, input_reporter_line = None, warning_msg = 'Error parsing reporter line. It is null.', expected = None

    @pytest.mark.parametrize("input_reporter_line, warning_msg, expected", (
            (None, 'Error parsing reporter line. It is null.', None),
            ('foo', 'Could not parse indicator from reporter because none'
                    'of the expected substrings were found in the reporter', None)
    )
                             )
    def test_indicator_edge_cases(monkeypatch, input_reporter_line, warning_msg,
                                  expected):
        """Test indicator parsing edge cases"""
    
        class MockExtractor:
            def get_reporter_line(self):
                return input_reporter_line
    
        extractor = MockExtractor()
    
        with monkeypatch.context() as ctx:
            def dummy_init(self):
                self._extractor = extractor
    
            ctx.setattr(BehaviorMetadata,
                        '__init__',
                        dummy_init)
    
            metadata = BehaviorMetadata()
    
            with pytest.warns(UserWarning) as record:
&gt;               indicator = metadata.indicator

test_behavior_metadata.py:640: 
_ _ _ _ _ _ _ _ _ _ _ _ _ _ _ _ _ _ _ _ _ _ _ _ _ _ _ _ _ _ _ _ _ _ _ _ _ _ _ _ _ _ _ _ _ _ _ _ _ _ _ _ _ _ _ _ _ _ _ _ _ _ _ _ _ _ _ _ _ _ _ _ _ _ _ _ _ _ _ _ _ _ _ _ _ _ _ _ _ _ _ _ _ _ _ _ _ _ _ _ _ _ _ _ _ _ _ _ _ _ _ _ _ _ _ _ _ 

self = &lt;allensdk.brain_observatory.behavior.data_objects.metadata.behavior_metadata.behavior_metadata.BehaviorMetadata object at 0x7fce99a815d0&gt;

    @property
    def indicator(self) -&gt; Optional[str]:
&gt;       return self._reporter_line.indicator
E       AttributeError: 'BehaviorMetadata' object has no attribute '_reporter_line'

../../../brain_observatory/behavior/data_objects/metadata/behavior_metadata/behavior_metadata.py:318: AttributeError</failure></testcase><testcase classname="allensdk.test.brain_observatory.behavior.test_behavior_metadata" name="test_indicator_edge_cases[foo-Could not parse indicator from reporter because noneof the expected substrings were found in the reporter-None]" time="0.001"><failure message="AttributeError: 'BehaviorMetadata' object has no attribute '_reporter_line'">monkeypatch = &lt;_pytest.monkeypatch.MonkeyPatch object at 0x7fce99ab1dd0&gt;, input_reporter_line = 'foo', warning_msg = 'Could not parse indicator from reporter because noneof the expected substrings were found in the reporter'
expected = None

    @pytest.mark.parametrize("input_reporter_line, warning_msg, expected", (
            (None, 'Error parsing reporter line. It is null.', None),
            ('foo', 'Could not parse indicator from reporter because none'
                    'of the expected substrings were found in the reporter', None)
    )
                             )
    def test_indicator_edge_cases(monkeypatch, input_reporter_line, warning_msg,
                                  expected):
        """Test indicator parsing edge cases"""
    
        class MockExtractor:
            def get_reporter_line(self):
                return input_reporter_line
    
        extractor = MockExtractor()
    
        with monkeypatch.context() as ctx:
            def dummy_init(self):
                self._extractor = extractor
    
            ctx.setattr(BehaviorMetadata,
                        '__init__',
                        dummy_init)
    
            metadata = BehaviorMetadata()
    
            with pytest.warns(UserWarning) as record:
&gt;               indicator = metadata.indicator

test_behavior_metadata.py:640: 
_ _ _ _ _ _ _ _ _ _ _ _ _ _ _ _ _ _ _ _ _ _ _ _ _ _ _ _ _ _ _ _ _ _ _ _ _ _ _ _ _ _ _ _ _ _ _ _ _ _ _ _ _ _ _ _ _ _ _ _ _ _ _ _ _ _ _ _ _ _ _ _ _ _ _ _ _ _ _ _ _ _ _ _ _ _ _ _ _ _ _ _ _ _ _ _ _ _ _ _ _ _ _ _ _ _ _ _ _ _ _ _ _ _ _ _ _ 

self = &lt;allensdk.brain_observatory.behavior.data_objects.metadata.behavior_metadata.behavior_metadata.BehaviorMetadata object at 0x7fce99ab1fd0&gt;

    @property
    def indicator(self) -&gt; Optional[str]:
&gt;       return self._reporter_line.indicator
E       AttributeError: 'BehaviorMetadata' object has no attribute '_reporter_line'

[...]
behavior_monitoring-135887-4530.19092]" time="0.000"><skipped message="this test depends on the resources only available to Bamboo agents, but are still fast.  If they are slow, mark with nightly" type="pytest.skip">/home/adam.amster/AllenSDK/allensdk/test/brain_observatory/behavior/test_sync_processing.py:24: this test depends on the resources only available to Bamboo agents, but are still fast.  If they are slow, mark with nightly</skipped></testcase><testcase classname="allensdk.test.brain_observatory.behavior.test_sync_processing" name="test_get_time_sync_integration[/allen/programs/braintv/production/visualbehavior/prod0/specimen_789992909/ophys_session_819949602/819949602_sync.h5-stim_photodiode-4512-4510.80997]" time="0.000"><skipped message="this test depends on the resources only available to Bamboo agents, but are still fast.  If they are slow, mark with nightly" type="pytest.skip">/home/adam.amster/AllenSDK/allensdk/test/brain_observatory/behavior/test_sync_processing.py:24: this test depends on the resources only available to Bamboo agents, but are still fast.  If they are slow, mark with nightly</skipped></testcase><testcase classname="allensdk.test.brain_observatory.behavior.test_sync_processing" name="test_get_time_sync_integration[/allen/programs/braintv/production/visualbehavior/prod0/specimen_789992909/ophys_session_819949602/819949602_sync.h5-stimulus_times_no_delay-269977-4510.25654]" time="0.000"><skipped message="this test depends on the resources only available to Bamboo agents, but are still fast.  If they are slow, mark with nightly" type="pytest.skip">/home/adam.amster/AllenSDK/allensdk/test/brain_observatory/behavior/test_sync_processing.py:24: this test depends on the resources only available to Bamboo agents, but are still fast.  If they are slow, mark with nightly</skipped></testcase><testcase classname="allensdk.test.brain_observatory.behavior.test_sync_processing" name="test_timestamp_extractors[get_trigger-foo-None-None-None]" time="0.001" /><testcase classname="allensdk.test.brain_observatory.behavior.test_sync_processing" name="test_timestamp_extractors[get_trigger-2p_trigger-rise1-fall1-expect1]" time="0.001" /><testcase classname="allensdk.test.brain_observatory.behavior.test_sync_processing" name="test_timestamp_extractors[get_trigger-acq_trigger-rise2-fall2-expect2]" time="0.001" /><testcase classname="allensdk.test.brain_observatory.behavior.test_sync_processing" name="test_timestamp_extractors[get_eye_tracking-cam2_exposure-rise3-fall3-expect3]" time="0.001" /><testcase classname="allensdk.test.brain_observatory.behavior.test_sync_processing" name="test_timestamp_extractors[get_eye_tracking-eye_tracking-rise4-fall4-expect4]" time="0.001" /><testcase classname="allensdk.test.brain_observatory.behavior.test_sync_processing" name="test_timestamp_extractors[get_behavior_monitoring-cam1_exposure-rise5-fall5-expect5]" time="0.001" /><testcase classname="allensdk.test.brain_observatory.behavior.test_sync_processing" name="test_timestamp_extractors[get_behavior_monitoring-behavior_monitoring-rise6-fall6-expect6]" time="0.001" /><testcase classname="allensdk.test.brain_observatory.behavior.test_sync_processing" name="test_timestamp_extractors[get_stim_photodiode-stim_photodiode-rise7-fall7-expect7]" time="0.001" /><testcase classname="allensdk.test.brain_observatory.behavior.test_sync_processing" name="test_timestamp_extractors[get_stim_photodiode-photodiode-rise8-fall8-expect8]" time="0.001" /><testcase classname="allensdk.test.brain_observatory.behavior.test_sync_processing" name="test_timestamp_extractors[get_lick_times-lick_times-rise9-fall9-expect9]" time="0.001" /><testcase classname="allensdk.test.brain_observatory.behavior.test_sync_processing" name="test_timestamp_extractors[get_lick_times-lick_sensor-rise10-fall10-expect10]" time="0.001" /><testcase classname="allensdk.test.brain_observatory.behavior.test_sync_processing" name="test_timestamp_extractors[get_ophys_frames-2p_vsync-rise11-fall11-expect11]" time="0.001" /><testcase classname="allensdk.test.brain_observatory.behavior.test_sync_processing" name="test_timestamp_extractors[get_raw_stimulus_frames-stim_vsync-rise12-fall12-expect12]" time="0.001" /><testcase classname="allensdk.test.brain_observatory.behavior.test_trial_masks" name="test_trial_types[trials0-trial_types0-expected0]" time="0.001" /><testcase classname="allensdk.test.brain_observatory.behavior.test_trial_masks" name="test_trial_types[trials1-trial_types1-expected1]" time="0.001" /><testcase classname="allensdk.test.brain_observatory.behavior.test_trial_masks" name="test_trial_types[trials2-trial_types2-expected2]" time="0.001" /><testcase classname="allensdk.test.brain_observatory.behavior.test_trial_masks" name="test_trial_types[trials3-trial_types3-expected3]" time="0.001" /><testcase classname="allensdk.test.brain_observatory.behavior.test_trial_masks" name="test_trial_types[trials4-trial_types4-expected4]" time="0.001" /><testcase classname="allensdk.test.brain_observatory.behavior.test_trial_masks" name="test_trial_types_works_with_subselection[trials0-trial_types0-expected0]" time="0.001" /><testcase classname="allensdk.test.brain_observatory.behavior.test_trial_masks" name="test_contingent_trials[trials0-expected0]" time="0.001" /><testcase classname="allensdk.test.brain_observatory.behavior.test_trial_masks" name="test_contingent_trials[trials1-expected1]" time="0.001" /><testcase classname="allensdk.test.brain_observatory.behavior.test_trial_masks" name="test_reward_rate[trials0--1.0-expected0]" time="0.001" /><testcase classname="allensdk.test.brain_observatory.behavior.test_trial_masks" name="test_reward_rate[trials1-1.0-expected1]" time="0.001" /><testcase classname="allensdk.test.brain_observatory.behavior.test_trial_masks" name="test_reward_rate[trials2-3.0-expected2]" time="0.001" /><testcase classname="allensdk.test.brain_observatory.behavior.test_trials_processing" name="test_get_ori_info_from_trial[880293569-5-expected0-None]" time="0.000"><skipped message="this test depends on the resources only available to Bamboo agents, but are still fast.  If they are slow, mark with nightly" type="pytest.skip">/home/adam.amster/AllenSDK/allensdk/test/brain_observatory/behavior/test_trials_processing.py:11: this test depends on the resources only available to Bamboo agents, but are still fast.  If they are slow, mark with nightly</skipped></testcase><testcase classname="allensdk.test.brain_observatory.behavior.test_trials_processing" name="test_get_ori_info_from_trial[881236761-0-None-IndexError]" time="0.000"><skipped message="this test depends on the resources only available to Bamboo agents, but are still fast.  If they are slow, mark with nightly" type="pytest.skip">/home/adam.amster/AllenSDK/allensdk/test/brain_observatory/behavior/test_trials_processing.py:11: this test depends on the resources only available to Bamboo agents, but are still fast.  If they are slow, mark with nightly</skipped></testcase><testcase classname="allensdk.test.brain_observatory.behavior.test_trials_processing" name="test_calculate_reward_rate[kwargs0-expected0]" time="0.102" /><testcase classname="allensdk.test.brain_observatory.behavior.test_trials_processing" name="test_calculate_reward_rate[kwargs1-expected1]" time="0.101" /><testcase classname="allensdk.test.brain_observatory.behavior.test_trials_processing" name="test_trial_data_from_log[trial_data_and_expectation_0]" time="0.000" /><testcase classname="allensdk.test.brain_observatory.behavior.test_trials_processing" name="test_trial_data_from_log[trial_data_and_expectation_1]" time="0.000" /><testcase classname="allensdk.test.brain_observatory.behavior.test_trials_processing" name="test_trial_data_from_log[trial_data_and_expectation_2]" time="0.000" /><testcase classname="allensdk.test.brain_observatory.behavior.test_trials_processing" name="test_get_trial_timing_exclusivity_assertions[False-False-False-True-False-True-'aborted' trials cannot be]" time="0.001" /><testcase classname="allensdk.test.brain_observatory.behavior.test_trials_processing" name="test_get_trial_timing_exclusivity_assertions[False-False-False-False-True-True-'aborted' trials cannot be]" time="0.001" /><testcase classname="allensdk.test.brain_observatory.behavior.test_trials_processing" name="test_get_trial_timing_exclusivity_assertions[False-False-True-False-False-True-'aborted' trials cannot be]" time="0.001" /><testcase classname="allensdk.test.brain_observatory.behavior.test_trials_processing" name="test_get_trial_timing_exclusivity_assertions[False-False-False-True-True-False-both `hit` and `false_alarm` cannot be True]" time="0.001" /><testcase classname="allensdk.test.brain_observatory.behavior.test_trials_processing" name="test_get_trial_timing_exclusivity_assertions[True-True-False-False-False-False-both `go` and `catch` cannot be True]" time="0.001" /><testcase classname="allensdk.test.brain_observatory.behavior.test_trials_processing" name="test_get_trial_timing_exclusivity_assertions[True-False-True-False-False-False-both `go` and `auto_rewarded` cannot be True]" time="0.001" /><testcase classname="allensdk.test.brain_observatory.behavior.test_trials_processing" name="test_get_trial_timing" time="0.003" /><testcase classname="allensdk.test.brain_observatory.behavior.test_trials_processing" name="test_get_response_time[licks0-True-nan]" time="0.001" /><testcase classname="allensdk.test.brain_observatory.behavior.test_trials_processing" name="test_get_response_time[licks1-False-1.0]" time="0.001" /><testcase classname="allensdk.test.brain_observatory.behavior.test_trials_processing" name="test_get_response_time[licks2-True-nan]" time="0.001" /><testcase classname="allensdk.test.brain_observatory.behavior.test_trials_processing" name="test_get_response_time[licks3-False-nan]" time="0.000" /><testcase classname="allensdk.test.brain_observatory.behavior.test_trials_processing" name="test_resolve_initial_image[behavior_stimuli_data_fixture0-0-expected0]" time="0.001" /><testcase classname="allensdk.test.brain_observatory.behavior.test_trials_processing" name="test_resolve_initial_image[behavior_stimuli_data_fixture1-0-expected1]" time="0.000" /><testcase classname="allensdk.test.brain_observatory.behavior.test_trials_processing" name="test_resolve_initial_image[behavior_stimuli_data_fixture2-0-expected2]" time="0.000" /><testcase classname="allensdk.test.brain_observatory.behavior.test_trials_processing" name="test_get_trial_image_names[behavior_stimuli_data_fixture0-trial0-expected0]" time="0.001" /><testcase classname="allensdk.test.brain_observatory.behavior.test_trials_processing" name="test_get_trial_image_names[behavior_stimuli_data_fixture1-trial1-expected1]" time="0.000" /><testcase classname="allensdk.test.brain_observatory.behavior.test_trials_processing" name="test_get_trial_image_names[behavior_stimuli_data_fixture2-trial2-expected2]" time="0.000" /><testcase classname="allensdk.test.brain_observatory.behavior.test_trials_processing" name="test_get_trial_bounds[trial_log0-expected0]" time="0.000" /><testcase classname="allensdk.test.brain_observatory.behavior.test_trials_processing" name="test_get_trial_bounds[trial_log1-expected1]" time="0.000" /><testcase classname="allensdk.test.brain_observatory.behavior.test_trials_processing" name="test_get_trial_bounds_exception" time="0.000" /><testcase classname="allensdk.test.brain_observatory.behavior.test_trials_processing" name="test_get_trial_bounds_order_exceptions[trial_log0]" time="0.000" /><testcase classname="allensdk.test.brain_observatory.behavior.test_trials_processing" name="test_input_validation" time="0.001" /><testcase classname="allensdk.test.brain_observatory.behavior.test_trials_processing" name="test_calculate_response_latency_list[trials0-0.0-expected0]" time="0.001" /><testcase classname="allensdk.test.brain_observatory.behavior.test_trials_processing" name="test_calculate_response_latency_list[trials1-0.0-expected1]" time="0.001" /><testcase classname="allensdk.test.brain_observatory.behavior.test_trials_processing" name="test_calculate_response_latency_list[trials2-0.15-expected2]" time="0.001" /><testcase classname="allensdk.test.brain_observatory.behavior.test_trials_processing" name="test_construct_rolling_performance_df[OPHYS_5_images_B_passive]" time="0.008" /><testcase classname="allensdk.test.brain_observatory.behavior.test_trials_processing" name="test_construct_rolling_performance_df[OPHYS_5_images_B]" time="0.009" /><testcase classname="allensdk.test.brain_observatory.behavior.test_write_behavior_nwb" name="test_add_running_acquisition_to_nwbfile[True]" time="0.448"><failure message="NotImplementedError">nwbfile = root pynwb.file.NWBFile at 0x140525322581840
Fields:
  acquisition: {
    v_in &lt;class 'pynwb.base.TimeSeries'&gt;,
    v_...n
  session_start_time: 2021-06-04 07:15:24.143189-07:00
  timestamps_reference_time: 2021-06-04 07:15:24.143189-07:00

roundtrip = True, roundtripper = &lt;function roundtripper.&lt;locals&gt;.f at 0x7fce8e1ed950&gt;
running_acquisition_df_fixture =             dx  v_sig  v_in
timestamps                 
1.0          1      1     1
2.0          1      1     1
3.0          1      1     1

    @pytest.mark.parametrize('roundtrip', [True, False])
    def test_add_running_acquisition_to_nwbfile(nwbfile, roundtrip, roundtripper,
                                                running_acquisition_df_fixture):
        nwbfile = nwb.add_running_acquisition_to_nwbfile(
            nwbfile, running_acquisition_df_fixture)
    
        if roundtrip:
            obt = roundtripper(nwbfile, BehaviorNwbApi)
        else:
            obt = BehaviorNwbApi.from_nwbfile(nwbfile)
    
&gt;       obt_running_acq_df = obt.get_running_acquisition_df()

test_write_behavior_nwb.py:38: 
_ _ _ _ _ _ _ _ _ _ _ _ _ _ _ _ _ _ _ _ _ _ _ _ _ _ _ _ _ _ _ _ _ _ _ _ _ _ _ _ _ _ _ _ _ _ _ _ _ _ _ _ _ _ _ _ _ _ _ _ _ _ _ _ _ _ _ _ _ _ _ _ _ _ _ _ _ _ _ _ _ _ _ _ _ _ _ _ _ _ _ _ _ _ _ _ _ _ _ _ _ _ _ _ _ _ _ _ _ _ _ _ _ _ _ _ _ 

self = &lt;allensdk.brain_observatory.behavior.session_apis.data_io.behavior_nwb_api.BehaviorNwbApi object at 0x7fce9b326140&gt;

    def get_running_acquisition_df(self):
&gt;       raise NotImplementedError()
E       NotImplementedError

../../../brain_observatory/behavior/session_apis/data_io/behavior_nwb_api.py:121: NotImplementedError</failure></testcase><testcase classname="allensdk.test.brain_observatory.behavior.test_write_behavior_nwb" name="test_add_running_acquisition_to_nwbfile[False]" time="0.002"><failure message="NotImplementedError">nwbfile = root pynwb.file.NWBFile at 0x140525180967888
Fields:
  acquisition: {
    v_in &lt;class 'pynwb.base.TimeSeries'&gt;,
    v_...n
  session_start_time: 2021-06-04 07:15:24.611157-07:00
  timestamps_reference_time: 2021-06-04 07:15:24.611157-07:00

roundtrip = False, roundtripper = &lt;function roundtripper.&lt;locals&gt;.f at 0x7fce92606440&gt;
running_acquisition_df_fixture =             dx  v_sig  v_in
timestamps                 
1.0          1      1     1
2.0          1      1     1
3.0          1      1     1

    @pytest.mark.parametrize('roundtrip', [True, False])
    def test_add_running_acquisition_to_nwbfile(nwbfile, roundtrip, roundtripper,
                                                running_acquisition_df_fixture):
        nwbfile = nwb.add_running_acquisition_to_nwbfile(
            nwbfile, running_acquisition_df_fixture)
    
        if roundtrip:
            obt = roundtripper(nwbfile, BehaviorNwbApi)
        else:
            obt = BehaviorNwbApi.from_nwbfile(nwbfile)
    
&gt;       obt_running_acq_df = obt.get_running_acquisition_df()

test_write_behavior_nwb.py:38: 
_ _ _ _ _ _ _ _ _ _ _ _ _ _ _ _ _ _ _ _ _ _ _ _ _ _ _ _ _ _ _ _ _ _ _ _ _ _ _ _ _ _ _ _ _ _ _ _ _ _ _ _ _ _ _ _ _ _ _ _ _ _ _ _ _ _ _ _ _ _ _ _ _ _ _ _ _ _ _ _ _ _ _ _ _ _ _ _ _ _ _ _ _ _ _ _ _ _ _ _ _ _ _ _ _ _ _ _ _ _ _ _ _ _ _ _ _ 

self = &lt;allensdk.brain_observatory.behavior.session_apis.data_io.behavior_nwb_api.BehaviorNwbApi object at 0x7fce92602cd0&gt;

    def get_running_acquisition_df(self):
&gt;       raise NotImplementedError()
E       NotImplementedError

../../../brain_observatory/behavior/session_apis/data_io/behavior_nwb_api.py:121: NotImplementedError</failure></testcase><testcase classname="allensdk.test.brain_observatory.behavior.test_write_behavior_nwb" name="test_add_running_speed_to_nwbfile[True]" time="0.498"><failure message="NotImplementedError">nwbfile = root pynwb.file.NWBFile at 0x140525180557392
Fields:
  file_create_date: [datetime.datetime(2021, 6, 4, 7, 15, 24, 622...n
  session_start_time: 2021-06-04 07:15:24.621814-07:00
  timestamps_reference_time: 2021-06-04 07:15:24.621814-07:00

running_speed = RunningSpeed(timestamps=[1.0, 2.0, 3.0], values=[4, 5, 6]), roundtrip = True, roundtripper = &lt;function roundtripper.&lt;locals&gt;.f at 0x7fce926065f0&gt;

    @pytest.mark.parametrize('roundtrip', [True, False])
    def test_add_running_speed_to_nwbfile(nwbfile, running_speed,
                                          roundtrip, roundtripper):
    
        nwbfile = nwb.add_running_speed_to_nwbfile(nwbfile, running_speed)
    
        if roundtrip:
            obt = roundtripper(nwbfile, BehaviorNwbApi)
        else:
            obt = BehaviorNwbApi.from_nwbfile(nwbfile)
    
&gt;       obt_running_speed = obt.get_running_speed()

test_write_behavior_nwb.py:56: 
_ _ _ _ _ _ _ _ _ _ _ _ _ _ _ _ _ _ _ _ _ _ _ _ _ _ _ _ _ _ _ _ _ _ _ _ _ _ _ _ _ _ _ _ _ _ _ _ _ _ _ _ _ _ _ _ _ _ _ _ _ _ _ _ _ _ _ _ _ _ _ _ _ _ _ _ _ _ _ _ _ _ _ _ _ _ _ _ _ _ _ _ _ _ _ _ _ _ _ _ _ _ _ _ _ _ _ _ _ _ _ _ _ _ _ _ _ 

self = &lt;allensdk.brain_observatory.behavior.session_apis.data_io.behavior_nwb_api.BehaviorNwbApi object at 0x7fce925f48c0&gt;

    def get_running_speed(self):
&gt;       raise NotImplementedError()
E       NotImplementedError

../../../brain_observatory/behavior/session_apis/data_io/behavior_nwb_api.py:124: NotImplementedError</failure></testcase><testcase classname="allensdk.test.brain_observatory.behavior.test_write_behavior_nwb" name="test_add_running_speed_to_nwbfile[False]" time="0.001"><failure message="NotImplementedError">nwbfile = root pynwb.file.NWBFile at 0x140525180835984
Fields:
  file_create_date: [datetime.datetime(2021, 6, 4, 7, 15, 25, 126...n
  session_start_time: 2021-06-04 07:15:25.126058-07:00
  timestamps_reference_time: 2021-06-04 07:15:25.126058-07:00

running_speed = RunningSpeed(timestamps=[1.0, 2.0, 3.0], values=[4, 5, 6]), roundtrip = False, roundtripper = &lt;function roundtripper.&lt;locals&gt;.f at 0x7fce8e1edb90&gt;

    @pytest.mark.parametrize('roundtrip', [True, False])
    def test_add_running_speed_to_nwbfile(nwbfile, running_speed,
                                          roundtrip, roundtripper):
    
        nwbfile = nwb.add_running_speed_to_nwbfile(nwbfile, running_speed)
    
        if roundtrip:
            obt = roundtripper(nwbfile, BehaviorNwbApi)
        else:
            obt = BehaviorNwbApi.from_nwbfile(nwbfile)
    
&gt;       obt_running_speed = obt.get_running_speed()

test_write_behavior_nwb.py:56: 
_ _ _ _ _ _ _ _ _ _ _ _ _ _ _ _ _ _ _ _ _ _ _ _ _ _ _ _ _ _ _ _ _ _ _ _ _ _ _ _ _ _ _ _ _ _ _ _ _ _ _ _ _ _ _ _ _ _ _ _ _ _ _ _ _ _ _ _ _ _ _ _ _ _ _ _ _ _ _ _ _ _ _ _ _ _ _ _ _ _ _ _ _ _ _ _ _ _ _ _ _ _ _ _ _ _ _ _ _ _ _ _ _ _ _ _ _ 

self = &lt;allensdk.brain_observatory.behavior.session_apis.data_io.behavior_nwb_api.BehaviorNwbApi object at 0x7fce922053c0&gt;

    def get_running_speed(self):
&gt;       raise NotImplementedError()
E       NotImplementedError

../../../brain_observatory/behavior/session_apis/data_io/behavior_nwb_api.py:124: NotImplementedError</failure></testcase><testcase classname="allensdk.test.brain_observatory.behavior.test_write_behavior_nwb" name="test_add_stimulus_templates[True-behavior_stimuli_data_fixture0]" time="3.737" /><testcase time="0.003" /></testsuite></testsuites>