<?xml version="1.0" encoding="utf-8"?><testsuites><testsuite errors="0" failures="1" hostname="ibs-adama-ux1.corp.alleninstitute.org" name="pytest" skipped="206" tests="2337" time="202.459" timestamp="2021-02-11T15:06:35.264776"><testcase classname="allensdk.test.test_argschema_utilities" name="test_check_write_access[ExistingFile-check_write_access-True]" time="0.015" /><testcase classname="allensdk.test.test_argschema_utilities" name="test_check_write_access[ExistingFile-check_write_access_overwrite-False]" time="0.002" /><testcase classname="allensdk.test.test_argschema_utilities" name="test_check_write_access[NonexistentFile-check_write_access-False]" time="0.002" /><testcase classname="allensdk.test.test_argschema_utilities" name="test_check_write_access[NonexistentFile-check_write_access_overwrite-False]" time="0.001" /><testcase classname="allensdk.test.test_argschema_utilities" name="test_check_write_access[FileInBadPermissionsDir-check_write_access-True]" time="0.002" /><testcase classname="allensdk.test.test_argschema_utilities" name="test_check_write_access[FileInBadPermissionsDir-check_write_access_overwrite-True]" time="0.001" /><testcase classname="allensdk.test.test_argschema_utilities" name="test_check_write_access[FileInBadPermissionsMiddleDir-check_write_access-True]" time="0.001" /><testcase classname="allensdk.test.test_argschema_utilities" name="test_check_write_access[FileInBadPermissionsMiddleDir-check_write_access_overwrite-True]" time="0.001" /><testcase classname="allensdk.test.test_argschema_utilities.TestInputFile" name="test_invalid_input_file[input_data0]" time="0.001" /><testcase classname="allensdk.test.test_argschema_utilities.TestInputFile" name="test_valid_input_file" time="0.002" /><testcase classname="allensdk.test.test_argschema_utilities.TestOutputFile" name="test_invalid_output_file[output_data0]" time="0.001" /><testcase classname="allensdk.test.test_argschema_utilities.TestOutputFile" name="test_valid_output_file" time="0.001" /><testcase classname="allensdk.test.test_deprecated" name="test_deprecated" time="0.001" /><testcase classname="allensdk.test.test_deprecated" name="test_deprecated_class" time="0.001" /><testcase classname="allensdk.test.test_inline_examples" name="test_inline_examples[biophysical_ex1.py]" time="0.000"><skipped message="this test is either time/memory/compute expensive or it depends on resources internal to the Allen Institute. Either way, it does'nt run by default and must be opted into (it does run in our nightly builds)." type="pytest.skip">/home/adam.amster/AllenSDK/allensdk/test/test_inline_examples.py:18: this test is either time/memory/compute expensive or it depends on resources internal to the Allen Institute. Either way, it does'nt run by default and must be opted into (it does run in our nightly builds).</skipped></testcase><testcase classname="allensdk.test.test_inline_examples" name="test_inline_examples[connectivity_ex.py]" time="0.000"><skipped message="this test is either time/memory/compute expensive or it depends on resources internal to the Allen Institute. Either way, it does'nt run by default and must be opted into (it does run in our nightly builds)." type="pytest.skip">/home/adam.amster/AllenSDK/allensdk/test/test_inline_examples.py:18: this test is either time/memory/compute expensive or it depends on resources internal to the Allen Institute. Either way, it does'nt run by default and must be opted into (it does run in our nightly builds).</skipped></testcase><testcase classname="allensdk.test.test_inline_examples" name="test_inline_examples[glif_ex.py]" time="0.000"><skipped message="this test is either time/memory/compute expensive or it depends on resources internal to the Allen Institute. Either way, it does'nt run by default and must be opted into (it does run in our nightly builds)." type="pytest.skip">/home/adam.amster/AllenSDK/allensdk/test/test_inline_examples.py:18: this test is either time/memory/compute expensive or it depends on resources internal to the Allen Institute. Either way, it does'nt run by default and must be opted into (it does run in our nightly builds).</skipped></testcase><testcase classname="allensdk.test.test_inline_examples" name="test_inline_examples[cell_types_ex.py]" time="0.000"><skipped message="this test is either time/memory/compute expensive or it depends on resources internal to the Allen Institute. Either way, it does'nt run by default and must be opted into (it does run in our nightly builds)." type="pytest.skip">/home/adam.amster/AllenSDK/allensdk/test/test_inline_examples.py:18: this test is either time/memory/compute expensive or it depends on resources internal to the Allen Institute. Either way, it does'nt run by default and must be opted into (it does run in our nightly builds).</skipped></testcase><testcase classname="allensdk.test.test_inline_examples" name="test_inline_examples[data_api_client_ex.py]" time="0.000"><skipped message="this test is either time/memory/compute expensive or it depends on resources internal to the Allen Institute. Either way, it does'nt run by default and must be opted into (it does run in our nightly builds)." type="pytest.skip">/home/adam.amster/AllenSDK/allensdk/test/test_inline_examples.py:18: this test is either time/memory/compute expensive or it depends on resources internal to the Allen Institute. Either way, it does'nt run by default and must be opted into (it does run in our nightly builds).</skipped></testcase><testcase classname="allensdk.test.test_temp_dir" name="test_tmp_dir[True-/dev/shm]" time="0.004" /><testcase classname="allensdk.test.test_temp_dir" name="test_tmp_dir[False-/home/adam.amster/AllenSDK/allensdk/test_utilities]" time="0.003" /><testcase classname="allensdk.test.api.test_annotated_section_data_set_api" name="test_get_annotated_section_data_set" time="0.001" /><testcase classname="allensdk.test.api.test_annotated_section_data_set_api" name="test_get_compound_annotated_section_data_set" time="0.001" /><testcase classname="allensdk.test.api.test_annotated_section_data_set_api" name="test_get_annotated_section_data_set_via_rma" time="0.001" /><testcase classname="allensdk.test.api.test_api" name="test_failed_download" time="0.024" /><testcase classname="allensdk.test.api.test_api" name="test_request_timeout" time="0.007" /><testcase classname="allensdk.test.api.test_api" name="test_do_query_post" time="0.001" /><testcase classname="allensdk.test.api.test_api" name="test_do_query_get" time="0.001" /><testcase classname="allensdk.test.api.test_api" name="test_load_api_schema" time="0.001" /><testcase classname="allensdk.test.api.test_api" name="test_stream_file_over_http" time="0.002" /><testcase classname="allensdk.test.api.test_api" name="test_stream_zip_directory_over_http" time="0.007" /><testcase classname="allensdk.test.api.test_biophysical_api" name="test_build_rma[None-3]" time="0.001" /><testcase classname="allensdk.test.api.test_biophysical_api" name="test_build_rma[json-3]" time="0.000" /><testcase classname="allensdk.test.api.test_biophysical_api" name="test_build_rma[xml-3]" time="0.001" /><testcase classname="allensdk.test.api.test_biophysical_api" name="test_is_well_known_file_type" time="0.000" /><testcase classname="allensdk.test.api.test_biophysical_api" name="test_get_neuronal_models" time="0.002" /><testcase classname="allensdk.test.api.test_biophysical_api" name="test_read_json" time="0.004" /><testcase classname="allensdk.test.api.test_brain_observatory_api" name="test_list_isi_experiments" time="0.001" /><testcase classname="allensdk.test.api.test_brain_observatory_api" name="test_get_isi_experiments" time="0.001" /><testcase classname="allensdk.test.api.test_brain_observatory_api" name="test_get_ophys_experiments_one_id" time="0.002" /><testcase classname="allensdk.test.api.test_brain_observatory_api" name="test_get_experiment_container_metrics" time="0.001" /><testcase classname="allensdk.test.api.test_brain_observatory_api" name="test_get_experiment_containers" time="0.002" /><testcase classname="allensdk.test.api.test_brain_observatory_api" name="test_get_column_definitions" time="0.001" /><testcase classname="allensdk.test.api.test_brain_observatory_api" name="test_list_column_definition_class_names" time="0.001" /><testcase classname="allensdk.test.api.test_brain_observatory_api" name="test_get_stimulus_mappings_no_ids" time="0.001" /><testcase classname="allensdk.test.api.test_brain_observatory_api" name="test_get_stimulus_mappings_one_id" time="0.001" /><testcase classname="allensdk.test.api.test_brain_observatory_api" name="test_get_stimulus_mappings_two_ids" time="0.003" /><testcase classname="allensdk.test.api.test_brain_observatory_api" name="test_get_cell_metrics_no_ids" time="0.002" /><testcase classname="allensdk.test.api.test_brain_observatory_api" name="test_get_cell_metrics_one_ids" time="0.002" /><testcase classname="allensdk.test.api.test_brain_observatory_api" name="test_get_cell_metrics_two_ids" time="0.002" /><testcase classname="allensdk.test.api.test_brain_observatory_api" name="test_get_cell_metrics_five_messages" time="0.005" /><testcase classname="allensdk.test.api.test_brain_observatory_api" name="test_filter_experiment_containers_no_filters" time="0.000" /><testcase classname="allensdk.test.api.test_brain_observatory_api" name="test_filter_experiment_containers_depth_filter" time="0.000" /><testcase classname="allensdk.test.api.test_brain_observatory_api" name="test_filter_experiment_containers_structures_filter" time="0.000" /><testcase classname="allensdk.test.api.test_brain_observatory_api" name="test_filter_experiment_containers_lines_all_filters" time="0.000" /><testcase classname="allensdk.test.api.test_brain_observatory_api" name="test_filter_experiment_containers_transgenic_lines" time="0.000" /><testcase classname="allensdk.test.api.test_brain_observatory_api" name="test_filter_ophys_experiments_no_filters" time="0.000" /><testcase classname="allensdk.test.api.test_brain_observatory_api" name="test_filter_ophys_experiments_container_id" time="0.001" /><testcase classname="allensdk.test.api.test_brain_observatory_api" name="test_filter_ophys_experiments_stimuli" time="0.001" /><testcase classname="allensdk.test.api.test_brain_observatory_api" name="test_filter_ophys_experiments_eye_tracking" time="0.001" /><testcase classname="allensdk.test.api.test_brain_observatory_api" name="test_filter_cell_specimens" time="0.000" /><testcase classname="allensdk.test.api.test_brain_observatory_api" name="test_save_ophys_experiment_data" time="0.002" /><testcase classname="allensdk.test.api.test_brain_observatory_api" name="test_save_ophys_experiment_event_data" time="0.002" /><testcase classname="allensdk.test.api.test_brain_observatory_api" name="test_get_cell_specimen_id_mapping" time="0.002" /><testcase classname="allensdk.test.api.test_brain_observatory_api" name="test_find_container_tags" time="0.000" /><testcase classname="allensdk.test.api.test_brain_observatory_api" name="test_find_specimen_cre_line" time="0.000" /><testcase classname="allensdk.test.api.test_brain_observatory_api" name="test_find_specimen_reporter_line" time="0.000" /><testcase classname="allensdk.test.api.test_brain_observatory_api" name="test_find_experiment_acquisition_age" time="0.001" /><testcase classname="allensdk.test.api.test_brain_observatory_api" name="test_dataframe_query" time="0.120" /><testcase classname="allensdk.test.api.test_cache" name="test_version_update" time="0.005" /><testcase classname="allensdk.test.api.test_cache" name="test_load_manifest" time="0.005" /><testcase classname="allensdk.test.api.test_cache" name="test_wrap_json" time="0.006" /><testcase classname="allensdk.test.api.test_cache" name="test_wrap_dataframe" time="0.005" /><testcase classname="allensdk.test.api.test_cache" name="test_memoize_with_function" time="0.302" /><testcase classname="allensdk.test.api.test_cache" name="test_memoize_with_kwarg_function" time="0.102" /><testcase classname="allensdk.test.api.test_cache" name="test_memoize_with_instance_method" time="0.303" /><testcase classname="allensdk.test.api.test_cache" name="test_get_default_manifest_file" time="0.001" /><testcase classname="allensdk.test.api.test_cacheable" name="test_cacheable_csv_dataframe" time="0.005" /><testcase classname="allensdk.test.api.test_cacheable" name="test_cacheable_json" time="0.002" /><testcase classname="allensdk.test.api.test_cacheable" name="test_excpt" time="0.002" /><testcase classname="allensdk.test.api.test_cacheable" name="test_cacheable_no_cache_csv" time="0.001" /><testcase classname="allensdk.test.api.test_cacheable" name="test_cacheable_json_dataframe" time="0.003" /><testcase classname="allensdk.test.api.test_cacheable" name="test_cacheable_csv_json" time="0.005" /><testcase classname="allensdk.test.api.test_cacheable" name="test_cacheable_no_save" time="0.001" /><testcase classname="allensdk.test.api.test_cacheable" name="test_cacheable_no_save_dataframe" time="0.002" /><testcase classname="allensdk.test.api.test_cacheable" name="test_cacheable_lazy_csv_no_file" time="0.005" /><testcase classname="allensdk.test.api.test_cacheable" name="test_cacheable_lazy_csv_file_exists" time="0.001" /><testcase classname="allensdk.test.api.test_caching_utilities" name="test_call_caching[simple case]" time="0.003" /><testcase classname="allensdk.test.api.test_caching_utilities" name="test_call_caching[eager success case]" time="0.003" /><testcase classname="allensdk.test.api.test_caching_utilities" name="test_call_caching[lazy failure case]" time="0.002" /><testcase classname="allensdk.test.api.test_caching_utilities" name="test_call_caching[repeated failure case]" time="0.009" /><testcase classname="allensdk.test.api.test_caching_utilities" name="test_call_caching[warning case]" time="0.008" /><testcase classname="allensdk.test.api.test_caching_utilities" name="test_call_caching[eager failure case]" time="0.002" /><testcase classname="allensdk.test.api.test_caching_utilities" name="test_call_caching[existing data case]" time="0.002" /><testcase classname="allensdk.test.api.test_caching_utilities" name="test_one_file_call_caching[True]" time="0.023" /><testcase classname="allensdk.test.api.test_caching_utilities" name="test_one_file_call_caching[False]" time="0.004" /><testcase classname="allensdk.test.api.test_cell_types_api" name="test_list_cells_unmocked" time="0.000"><skipped message="this test requires that an API endpoint be specified (set the TEST_API_ENDPOINT environment variable)." type="pytest.skip">/home/adam.amster/AllenSDK/allensdk/test/api/test_cell_types_api.py:97: this test requires that an API endpoint be specified (set the TEST_API_ENDPOINT environment variable).</skipped></testcase><testcase classname="allensdk.test.api.test_cell_types_api" name="test_list_cells_mocked" time="0.001" /><testcase classname="allensdk.test.api.test_cell_types_api" name="test_list_cells_api_mocked" time="0.001" /><testcase classname="allensdk.test.api.test_file_download" name="test_file_download_lazy[True]" time="0.002" /><testcase classname="allensdk.test.api.test_file_download" name="test_file_download_lazy[False]" time="0.002" /><testcase classname="allensdk.test.api.test_file_download" name="test_file_download_server[True]" time="0.002" /><testcase classname="allensdk.test.api.test_file_download" name="test_file_download_server[False]" time="0.002" /><testcase classname="allensdk.test.api.test_file_download" name="test_file_download_cached_file[True]" time="0.001" /><testcase classname="allensdk.test.api.test_file_download" name="test_file_download_cached_file[False]" time="0.001" /><testcase classname="allensdk.test.api.test_file_download" name="test_file_kwarg[True]" time="0.002" /><testcase classname="allensdk.test.api.test_file_download" name="test_file_kwarg[False]" time="0.001" /><testcase classname="allensdk.test.api.test_glif_api" name="test_get_neuronal_model_templates" time="0.000"><skipped message="this test requires that an API endpoint be specified (set the TEST_API_ENDPOINT environment variable)." type="pytest.skip">/home/adam.amster/AllenSDK/allensdk/test/api/test_glif_api.py:63: this test requires that an API endpoint be specified (set the TEST_API_ENDPOINT environment variable).</skipped></testcase><testcase classname="allensdk.test.api.test_glif_api" name="test_get_neuronal_models" time="0.000"><skipped message="this test requires that an API endpoint be specified (set the TEST_API_ENDPOINT environment variable)." type="pytest.skip">/home/adam.amster/AllenSDK/allensdk/test/api/test_glif_api.py:89: this test requires that an API endpoint be specified (set the TEST_API_ENDPOINT environment variable).</skipped></testcase><testcase classname="allensdk.test.api.test_glif_api" name="test_get_neuronal_models_no_ids" time="0.000"><skipped message="this test requires that an API endpoint be specified (set the TEST_API_ENDPOINT environment variable)." type="pytest.skip">/home/adam.amster/AllenSDK/allensdk/test/api/test_glif_api.py:97: this test requires that an API endpoint be specified (set the TEST_API_ENDPOINT environment variable).</skipped></testcase><testcase classname="allensdk.test.api.test_glif_api" name="test_get_neuron_configs" time="0.000"><skipped message="this test requires that an API endpoint be specified (set the TEST_API_ENDPOINT environment variable)." type="pytest.skip">/home/adam.amster/AllenSDK/allensdk/test/api/test_glif_api.py:103: this test requires that an API endpoint be specified (set the TEST_API_ENDPOINT environment variable).</skipped></testcase><testcase classname="allensdk.test.api.test_glif_api" name="test_deprecated" time="0.000"><skipped message="this test requires that an API endpoint be specified (set the TEST_API_ENDPOINT environment variable)." type="pytest.skip">/home/adam.amster/AllenSDK/allensdk/test/api/test_glif_api.py:114: this test requires that an API endpoint be specified (set the TEST_API_ENDPOINT environment variable).</skipped></testcase><testcase classname="allensdk.test.api.test_grid_data_api" name="test_download_gene_expression_grid_data" time="0.001" /><testcase classname="allensdk.test.api.test_grid_data_api" name="test_api_doc_url_download_expression_grid" time="0.001" /><testcase classname="allensdk.test.api.test_grid_data_api" name="test_api_doc_url_download_expression_grid_energy_intensity" time="0.001" /><testcase classname="allensdk.test.api.test_grid_data_api" name="test_api_doc_url_projection_grid" time="0.001" /><testcase classname="allensdk.test.api.test_grid_data_api" name="test_api_doc_url_projection_grid_injection_fraction_resolution" time="0.001" /><testcase classname="allensdk.test.api.test_grid_data_api" name="test_download_deformation_field" time="0.001" /><testcase classname="allensdk.test.api.test_grid_data_api" name="test_download_alignment3d" time="0.001" /><testcase classname="allensdk.test.api.test_image_download_api" name="test_get_section_image_ranges" time="0.002" /><testcase classname="allensdk.test.api.test_image_download_api" name="test_get_section_data_sets_by_product" time="0.001" /><testcase classname="allensdk.test.api.test_image_download_api" name="test_get_section_data_sets_by_product_failedok" time="0.002" /><testcase classname="allensdk.test.api.test_image_download_api" name="test_get_section_image_ranges_as_list" time="0.001" /><testcase classname="allensdk.test.api.test_image_download_api" name="test_api_doc_url_download_section_image_downsampled" time="0.001" /><testcase classname="allensdk.test.api.test_image_download_api" name="test_api_doc_url_download_section_image_downsample_dimensions" time="0.001" /><testcase classname="allensdk.test.api.test_image_download_api" name="test_api_doc_url_download_section_image_full_res" time="0.001" /><testcase classname="allensdk.test.api.test_image_download_api" name="test_api_doc_url_download_section_image_downsample_dimensions_false" time="0.001" /><testcase classname="allensdk.test.api.test_image_download_api" name="test_api_doc_url_download_section_image_downsampled_low_quality" time="0.001" /><testcase classname="allensdk.test.api.test_image_download_api" name="test_api_doc_url_download_section_image_tumor_feature_annotation" time="0.001" /><testcase classname="allensdk.test.api.test_image_download_api" name="test_api_doc_url_download_section_image_tumor_feature_annotation_false" time="0.001" /><testcase classname="allensdk.test.api.test_image_download_api" name="test_api_doc_url_download_section_image_tumor_feature_boundary" time="0.001" /><testcase classname="allensdk.test.api.test_image_download_api" name="test_api_doc_url_download_section_image_tumor_feature_boundary_false" time="0.001" /><testcase classname="allensdk.test.api.test_image_download_api" name="test_api_doc_url_download_section_image_expression" time="0.001" /><testcase classname="allensdk.test.api.test_image_download_api" name="test_api_doc_url_download_section_image_expression_false" time="0.001" /><testcase classname="allensdk.test.api.test_image_download_api" name="test_api_doc_url_download_atlas_image_downsampled" time="0.001" /><testcase classname="allensdk.test.api.test_image_download_api" name="test_api_doc_url_download_atlas_image_downsampled_low_quality" time="0.001" /><testcase classname="allensdk.test.api.test_image_download_api" name="test_api_doc_url_download_atlas_image_annotation" time="0.001" /><testcase classname="allensdk.test.api.test_image_download_api" name="test_api_doc_url_download_atlas_image_annotation_false" time="0.001" /><testcase classname="allensdk.test.api.test_image_download_api" name="test_api_doc_url_download_atlas_image_atlas" time="0.001" /><testcase classname="allensdk.test.api.test_image_download_api" name="test_api_doc_url_download_atlas_full_resolution_region_of_interest" time="0.001" /><testcase classname="allensdk.test.api.test_image_download_api" name="test_api_doc_url_download_projection_image_downsampled" time="0.001" /><testcase classname="allensdk.test.api.test_image_download_api" name="test_api_doc_url_download_projection_image_projection" time="0.001" /><testcase classname="allensdk.test.api.test_image_download_api" name="test_api_doc_url_download_projection_image_projection_false" time="0.001" /><testcase classname="allensdk.test.api.test_image_download_api" name="test_api_doc_url_download_projection_image_view" time="0.001" /><testcase classname="allensdk.test.api.test_image_download_api" name="test_api_doc_url_download_projection_image_view_exception" time="0.001" /><testcase classname="allensdk.test.api.test_image_download_api" name="test_api_doc_url_download_image_downsampled" time="0.001" /><testcase classname="allensdk.test.api.test_image_download_api" name="test_api_doc_url_download_image_downsampled_low_quality" time="0.001" /><testcase classname="allensdk.test.api.test_image_download_api" name="test_api_doc_url_download_full_resolution_region_of_interest" time="0.001" /><testcase classname="allensdk.test.api.test_image_download_api" name="test_api_doc_url_download_image_expression_mask" time="0.001" /><testcase classname="allensdk.test.api.test_image_download_api" name="test_api_doc_url_download_image_full_resolution" time="0.001" /><testcase classname="allensdk.test.api.test_image_download_api" name="test_colormap_filter" time="0.001" /><testcase classname="allensdk.test.api.test_image_download_api" name="test_colormap_filter_string" time="0.001" /><testcase classname="allensdk.test.api.test_image_download_api" name="test_rgb_filter" time="0.001" /><testcase classname="allensdk.test.api.test_image_download_api" name="test_contrast_filter" time="0.001" /><testcase classname="allensdk.test.api.test_image_download_api" name="test_atlas_image_query" time="0.001" /><testcase classname="allensdk.test.api.test_image_download_api" name="test_atlas_image_query_image_type_name" time="0.001" /><testcase classname="allensdk.test.api.test_image_download_api" name="test_section_image_query" time="0.002" /><testcase classname="allensdk.test.api.test_mouse_atlas_api" name="test_get_genes" time="0.001" /><testcase classname="allensdk.test.api.test_mouse_atlas_api" name="test_get_section_data_sets" time="0.001" /><testcase classname="allensdk.test.api.test_mouse_atlas_api" name="test_download_expression_density" time="0.002" /><testcase classname="allensdk.test.api.test_mouse_atlas_api" name="test_download_expression_intensity" time="0.001" /><testcase classname="allensdk.test.api.test_mouse_atlas_api" name="test_download_expression_energy" time="0.001" /><testcase classname="allensdk.test.api.test_mouse_connectivity_api" name="test_download_volumetric_data[average_template-10]" time="0.001" /><testcase classname="allensdk.test.api.test_mouse_connectivity_api" name="test_download_volumetric_data[average_template-25]" time="0.001" /><testcase classname="allensdk.test.api.test_mouse_connectivity_api" name="test_download_volumetric_data[average_template-50]" time="0.001" /><testcase classname="allensdk.test.api.test_mouse_connectivity_api" name="test_download_volumetric_data[average_template-100]" time="0.001" /><testcase classname="allensdk.test.api.test_mouse_connectivity_api" name="test_download_volumetric_data[ara_nissl-10]" time="0.001" /><testcase classname="allensdk.test.api.test_mouse_connectivity_api" name="test_download_volumetric_data[ara_nissl-25]" time="0.001" /><testcase classname="allensdk.test.api.test_mouse_connectivity_api" name="test_download_volumetric_data[ara_nissl-50]" time="0.001" /><testcase classname="allensdk.test.api.test_mouse_connectivity_api" name="test_download_volumetric_data[ara_nissl-100]" time="0.001" /><testcase classname="allensdk.test.api.test_mouse_connectivity_api" name="test_download_volumetric_data[annotation/mouse_2011-10]" time="0.001" /><testcase classname="allensdk.test.api.test_mouse_connectivity_api" name="test_download_volumetric_data[annotation/mouse_2011-25]" time="0.001" /><testcase classname="allensdk.test.api.test_mouse_connectivity_api" name="test_download_volumetric_data[annotation/mouse_2011-50]" time="0.001" /><testcase classname="allensdk.test.api.test_mouse_connectivity_api" name="test_download_volumetric_data[annotation/mouse_2011-100]" time="0.001" /><testcase classname="allensdk.test.api.test_mouse_connectivity_api" name="test_download_volumetric_data[annotation/devmouse_2012-10]" time="0.001" /><testcase classname="allensdk.test.api.test_mouse_connectivity_api" name="test_download_volumetric_data[annotation/devmouse_2012-25]" time="0.001" /><testcase classname="allensdk.test.api.test_mouse_connectivity_api" name="test_download_volumetric_data[annotation/devmouse_2012-50]" time="0.001" /><testcase classname="allensdk.test.api.test_mouse_connectivity_api" name="test_download_volumetric_data[annotation/devmouse_2012-100]" time="0.001" /><testcase classname="allensdk.test.api.test_mouse_connectivity_api" name="test_download_volumetric_data[annotation/ccf_2015-10]" time="0.001" /><testcase classname="allensdk.test.api.test_mouse_connectivity_api" name="test_download_volumetric_data[annotation/ccf_2015-25]" time="0.001" /><testcase classname="allensdk.test.api.test_mouse_connectivity_api" name="test_download_volumetric_data[annotation/ccf_2015-50]" time="0.001" /><testcase classname="allensdk.test.api.test_mouse_connectivity_api" name="test_download_volumetric_data[annotation/ccf_2015-100]" time="0.001" /><testcase classname="allensdk.test.api.test_mouse_connectivity_api" name="test_download_volumetric_data[annotation/ccf_2016-10]" time="0.001" /><testcase classname="allensdk.test.api.test_mouse_connectivity_api" name="test_download_volumetric_data[annotation/ccf_2016-25]" time="0.001" /><testcase classname="allensdk.test.api.test_mouse_connectivity_api" name="test_download_volumetric_data[annotation/ccf_2016-50]" time="0.001" /><testcase classname="allensdk.test.api.test_mouse_connectivity_api" name="test_download_volumetric_data[annotation/ccf_2016-100]" time="0.001" /><testcase classname="allensdk.test.api.test_mouse_connectivity_api" name="test_download_annotation_volume[annotation/ccf_2015-10]" time="0.002" /><testcase classname="allensdk.test.api.test_mouse_connectivity_api" name="test_download_annotation_volume[annotation/ccf_2015-25]" time="0.002" /><testcase classname="allensdk.test.api.test_mouse_connectivity_api" name="test_download_annotation_volume[annotation/ccf_2015-50]" time="0.002" /><testcase classname="allensdk.test.api.test_mouse_connectivity_api" name="test_download_annotation_volume[annotation/ccf_2015-100]" time="0.002" /><testcase classname="allensdk.test.api.test_mouse_connectivity_api" name="test_download_annotation_volume[annotation/ccf_2016-10]" time="0.002" /><testcase classname="allensdk.test.api.test_mouse_connectivity_api" name="test_download_annotation_volume[annotation/ccf_2016-25]" time="0.002" /><testcase classname="allensdk.test.api.test_mouse_connectivity_api" name="test_download_annotation_volume[annotation/ccf_2016-50]" time="0.002" /><testcase classname="allensdk.test.api.test_mouse_connectivity_api" name="test_download_annotation_volume[annotation/ccf_2016-100]" time="0.002" /><testcase classname="allensdk.test.api.test_mouse_connectivity_api" name="test_download_annotation_volume_default[10]" time="0.001" /><testcase classname="allensdk.test.api.test_mouse_connectivity_api" name="test_download_annotation_volume_default[25]" time="0.002" /><testcase classname="allensdk.test.api.test_mouse_connectivity_api" name="test_download_annotation_volume_default[50]" time="0.001" /><testcase classname="allensdk.test.api.test_mouse_connectivity_api" name="test_download_annotation_volume_default[100]" time="0.002" /><testcase classname="allensdk.test.api.test_mouse_connectivity_api" name="test_download_structure_mask[10]" time="0.002" /><testcase classname="allensdk.test.api.test_mouse_connectivity_api" name="test_download_structure_mask[25]" time="0.002" /><testcase classname="allensdk.test.api.test_mouse_connectivity_api" name="test_download_structure_mask[50]" time="0.001" /><testcase classname="allensdk.test.api.test_mouse_connectivity_api" name="test_download_structure_mask[100]" time="0.002" /><testcase classname="allensdk.test.api.test_mouse_connectivity_api" name="test_download_template_volume[10]" time="0.002" /><testcase classname="allensdk.test.api.test_mouse_connectivity_api" name="test_download_template_volume[25]" time="0.002" /><testcase classname="allensdk.test.api.test_mouse_connectivity_api" name="test_download_template_volume[50]" time="0.001" /><testcase classname="allensdk.test.api.test_mouse_connectivity_api" name="test_download_template_volume[100]" time="0.002" /><testcase classname="allensdk.test.api.test_mouse_connectivity_api" name="test_get_experiments_no_ids" time="0.001" /><testcase classname="allensdk.test.api.test_mouse_connectivity_api" name="test_get_experiments_one_id" time="0.001" /><testcase classname="allensdk.test.api.test_mouse_connectivity_api" name="test_get_experiments_ids" time="0.001" /><testcase classname="allensdk.test.api.test_mouse_connectivity_api" name="test_get_manual_injection_summary" time="0.002" /><testcase classname="allensdk.test.api.test_mouse_connectivity_api" name="test_get_experiment_detail" time="0.001" /><testcase classname="allensdk.test.api.test_mouse_connectivity_api" name="test_get_projection_image_info" time="0.001" /><testcase classname="allensdk.test.api.test_mouse_connectivity_api" name="test_build_reference_aligned_channel_volumes_url" time="0.000" /><testcase classname="allensdk.test.api.test_mouse_connectivity_api" name="test_reference_aligned_channel_volumes" time="0.001" /><testcase classname="allensdk.test.api.test_mouse_connectivity_api" name="test_experiment_source_search" time="0.001" /><testcase classname="allensdk.test.api.test_mouse_connectivity_api" name="test_experiment_spatial_search" time="0.001" /><testcase classname="allensdk.test.api.test_mouse_connectivity_api" name="test_injection_coordinate_search" time="0.001" /><testcase classname="allensdk.test.api.test_mouse_connectivity_api" name="test_experiment_correlation_search" time="0.001" /><testcase classname="allensdk.test.api.test_mouse_connectivity_api" name="test_get_structure_unionizes[True-hemisphere0]" time="0.001" /><testcase classname="allensdk.test.api.test_mouse_connectivity_api" name="test_get_structure_unionizes[True-hemisphere1]" time="0.001" /><testcase classname="allensdk.test.api.test_mouse_connectivity_api" name="test_get_structure_unionizes[True-None]" time="0.001" /><testcase classname="allensdk.test.api.test_mouse_connectivity_api" name="test_get_structure_unionizes[False-hemisphere3]" time="0.001" /><testcase classname="allensdk.test.api.test_mouse_connectivity_api" name="test_get_structure_unionizes[False-hemisphere4]" time="0.001" /><testcase classname="allensdk.test.api.test_mouse_connectivity_api" name="test_get_structure_unionizes[False-None]" time="0.001" /><testcase classname="allensdk.test.api.test_mouse_connectivity_api" name="test_get_structure_unionizes[None-hemisphere6]" time="0.001" /><testcase classname="allensdk.test.api.test_mouse_connectivity_api" name="test_get_structure_unionizes[None-hemisphere7]" time="0.001" /><testcase classname="allensdk.test.api.test_mouse_connectivity_api" name="test_get_structure_unionizes[None-None]" time="0.001" /><testcase classname="allensdk.test.api.test_mouse_connectivity_api" name="test_download_injection_density" time="0.001" /><testcase classname="allensdk.test.api.test_mouse_connectivity_api" name="test_download_projection_density" time="0.001" /><testcase classname="allensdk.test.api.test_mouse_connectivity_api" name="test_download_data_mask_density" time="0.001" /><testcase classname="allensdk.test.api.test_mouse_connectivity_api" name="test_download_injection_fraction" time="0.001" /><testcase classname="allensdk.test.api.test_mouse_connectivity_api" name="test_calculate_injection_centroid" time="0.001" /><testcase classname="allensdk.test.api.test_ontologies_api" name="test_get_structure_graph" time="0.001" /><testcase classname="allensdk.test.api.test_ontologies_api" name="test_list_structure_graphs" time="0.001" /><testcase classname="allensdk.test.api.test_ontologies_api" name="test_list_structure_sets_noarg" time="0.001" /><testcase classname="allensdk.test.api.test_ontologies_api" name="test_list_structure_sets_args" time="0.002" /><testcase classname="allensdk.test.api.test_ontologies_api" name="test_list_atlases" time="0.001" /><testcase classname="allensdk.test.api.test_ontologies_api" name="test_structure_graph_by_name" time="0.001" /><testcase classname="allensdk.test.api.test_ontologies_api" name="test_structure_graphs_by_names" time="0.001" /><testcase classname="allensdk.test.api.test_ontologies_api" name="test_structure_set_by_id" time="0.001" /><testcase classname="allensdk.test.api.test_ontologies_api" name="test_structure_sets_by_ids" time="0.001" /><testcase classname="allensdk.test.api.test_ontologies_api" name="test_structure_set_by_name" time="0.001" /><testcase classname="allensdk.test.api.test_ontologies_api" name="test_structure_set_by_names" time="0.001" /><testcase classname="allensdk.test.api.test_ontologies_api" name="test_structure_set_no_order" time="0.001" /><testcase classname="allensdk.test.api.test_ontologies_api" name="test_atlas_1" time="0.002" /><testcase classname="allensdk.test.api.test_ontologies_api" name="test_atlas_verbose" time="0.002" /><testcase classname="allensdk.test.api.test_ontologies_api" name="test_get_structures_with_sets" time="0.001" /><testcase classname="allensdk.test.api.test_ontologies_api" name="test_unpack_structure_set_ancestors" time="0.001" /><testcase classname="allensdk.test.api.test_pager" name="test_pageable_json" time="0.001" /><testcase classname="allensdk.test.api.test_pager" name="test_all" time="0.001" /><testcase classname="allensdk.test.api.test_pager" name="test_cacheable_pageable_csv[cache_csv]" time="0.004" /><testcase classname="allensdk.test.api.test_pager" name="test_cacheable_pageable_csv[cache_csv_json]" time="0.005" /><testcase classname="allensdk.test.api.test_pager" name="test_cacheable_pageable_csv[cache_csv_dataframe]" time="0.004" /><testcase classname="allensdk.test.api.test_pager" name="test_cacheable_pageable_json[cache_json]" time="0.004" /><testcase classname="allensdk.test.api.test_pager" name="test_cacheable_pageable_json[cache_json_dataframe]" time="0.005" /><testcase classname="allensdk.test.api.test_reference_space_api" name="test_download_mouse_atlas_volume" time="0.004" /><testcase classname="allensdk.test.api.test_reference_space_api" name="test_download_volumetric_data[average_template-10]" time="0.001" /><testcase classname="allensdk.test.api.test_reference_space_api" name="test_download_volumetric_data[average_template-25]" time="0.001" /><testcase classname="allensdk.test.api.test_reference_space_api" name="test_download_volumetric_data[average_template-50]" time="0.001" /><testcase classname="allensdk.test.api.test_reference_space_api" name="test_download_volumetric_data[average_template-100]" time="0.001" /><testcase classname="allensdk.test.api.test_reference_space_api" name="test_download_volumetric_data[ara_nissl-10]" time="0.001" /><testcase classname="allensdk.test.api.test_reference_space_api" name="test_download_volumetric_data[ara_nissl-25]" time="0.001" /><testcase classname="allensdk.test.api.test_reference_space_api" name="test_download_volumetric_data[ara_nissl-50]" time="0.001" /><testcase classname="allensdk.test.api.test_reference_space_api" name="test_download_volumetric_data[ara_nissl-100]" time="0.001" /><testcase classname="allensdk.test.api.test_reference_space_api" name="test_download_volumetric_data[annotation/mouse_2011-10]" time="0.001" /><testcase classname="allensdk.test.api.test_reference_space_api" name="test_download_volumetric_data[annotation/mouse_2011-25]" time="0.001" /><testcase classname="allensdk.test.api.test_reference_space_api" name="test_download_volumetric_data[annotation/mouse_2011-50]" time="0.001" /><testcase classname="allensdk.test.api.test_reference_space_api" name="test_download_volumetric_data[annotation/mouse_2011-100]" time="0.001" /><testcase classname="allensdk.test.api.test_reference_space_api" name="test_download_volumetric_data[annotation/devmouse_2012-10]" time="0.001" /><testcase classname="allensdk.test.api.test_reference_space_api" name="test_download_volumetric_data[annotation/devmouse_2012-25]" time="0.001" /><testcase classname="allensdk.test.api.test_reference_space_api" name="test_download_volumetric_data[annotation/devmouse_2012-50]" time="0.001" /><testcase classname="allensdk.test.api.test_reference_space_api" name="test_download_volumetric_data[annotation/devmouse_2012-100]" time="0.001" /><testcase classname="allensdk.test.api.test_reference_space_api" name="test_download_volumetric_data[annotation/ccf_2015-10]" time="0.001" /><testcase classname="allensdk.test.api.test_reference_space_api" name="test_download_volumetric_data[annotation/ccf_2015-25]" time="0.001" /><testcase classname="allensdk.test.api.test_reference_space_api" name="test_download_volumetric_data[annotation/ccf_2015-50]" time="0.001" /><testcase classname="allensdk.test.api.test_reference_space_api" name="test_download_volumetric_data[annotation/ccf_2015-100]" time="0.001" /><testcase classname="allensdk.test.api.test_reference_space_api" name="test_download_volumetric_data[annotation/ccf_2016-10]" time="0.001" /><testcase classname="allensdk.test.api.test_reference_space_api" name="test_download_volumetric_data[annotation/ccf_2016-25]" time="0.001" /><testcase classname="allensdk.test.api.test_reference_space_api" name="test_download_volumetric_data[annotation/ccf_2016-50]" time="0.001" /><testcase classname="allensdk.test.api.test_reference_space_api" name="test_download_volumetric_data[annotation/ccf_2016-100]" time="0.001" /><testcase classname="allensdk.test.api.test_reference_space_api" name="test_download_volumetric_data[annotation/ccf_2017-10]" time="0.001" /><testcase classname="allensdk.test.api.test_reference_space_api" name="test_download_volumetric_data[annotation/ccf_2017-25]" time="0.001" /><testcase classname="allensdk.test.api.test_reference_space_api" name="test_download_volumetric_data[annotation/ccf_2017-50]" time="0.001" /><testcase classname="allensdk.test.api.test_reference_space_api" name="test_download_volumetric_data[annotation/ccf_2017-100]" time="0.001" /><testcase classname="allensdk.test.api.test_reference_space_api" name="test_download_structure_mask[10]" time="0.002" /><testcase classname="allensdk.test.api.test_reference_space_api" name="test_download_structure_mask[25]" time="0.002" /><testcase classname="allensdk.test.api.test_reference_space_api" name="test_download_structure_mask[50]" time="0.001" /><testcase classname="allensdk.test.api.test_reference_space_api" name="test_download_structure_mask[100]" time="0.002" /><testcase classname="allensdk.test.api.test_reference_space_api" name="test_download_structure_mesh" time="0.001" /><testcase classname="allensdk.test.api.test_reference_space_api" name="test_download_annotation_volume[annotation/ccf_2015-10]" time="0.002" /><testcase classname="allensdk.test.api.test_reference_space_api" name="test_download_annotation_volume[annotation/ccf_2015-25]" time="0.002" /><testcase classname="allensdk.test.api.test_reference_space_api" name="test_download_annotation_volume[annotation/ccf_2015-50]" time="0.002" /><testcase classname="allensdk.test.api.test_reference_space_api" name="test_download_annotation_volume[annotation/ccf_2015-100]" time="0.002" /><testcase classname="allensdk.test.api.test_reference_space_api" name="test_download_annotation_volume[annotation/ccf_2016-10]" time="0.002" /><testcase classname="allensdk.test.api.test_reference_space_api" name="test_download_annotation_volume[annotation/ccf_2016-25]" time="0.002" /><testcase classname="allensdk.test.api.test_reference_space_api" name="test_download_annotation_volume[annotation/ccf_2016-50]" time="0.002" /><testcase classname="allensdk.test.api.test_reference_space_api" name="test_download_annotation_volume[annotation/ccf_2016-100]" time="0.002" /><testcase classname="allensdk.test.api.test_reference_space_api" name="test_download_annotation_volume[annotation/ccf_2017-10]" time="0.002" /><testcase classname="allensdk.test.api.test_reference_space_api" name="test_download_annotation_volume[annotation/ccf_2017-25]" time="0.002" /><testcase classname="allensdk.test.api.test_reference_space_api" name="test_download_annotation_volume[annotation/ccf_2017-50]" time="0.002" /><testcase classname="allensdk.test.api.test_reference_space_api" name="test_download_annotation_volume[annotation/ccf_2017-100]" time="0.002" /><testcase classname="allensdk.test.api.test_reference_space_api" name="test_download_annotation_volume_default[10]" time="0.002" /><testcase classname="allensdk.test.api.test_reference_space_api" name="test_download_annotation_volume_default[25]" time="0.002" /><testcase classname="allensdk.test.api.test_reference_space_api" name="test_download_annotation_volume_default[50]" time="0.002" /><testcase classname="allensdk.test.api.test_reference_space_api" name="test_download_annotation_volume_default[100]" time="0.002" /><testcase classname="allensdk.test.api.test_reference_space_api" name="test_download_template_volume[10]" time="0.002" /><testcase classname="allensdk.test.api.test_reference_space_api" name="test_download_template_volume[25]" time="0.001" /><testcase classname="allensdk.test.api.test_reference_space_api" name="test_download_template_volume[50]" time="0.002" /><testcase classname="allensdk.test.api.test_reference_space_api" name="test_download_template_volume[100]" time="0.001" /><testcase classname="allensdk.test.api.test_rma_template" name="test_atlases_list" time="0.001" /><testcase classname="allensdk.test.api.test_rma_template" name="test_structure_graphs_list" time="0.001" /><testcase classname="allensdk.test.api.test_rma_template" name="test_structure_sets_list" time="0.001" /><testcase classname="allensdk.test.api.test_rma_template" name="test_structures_by_graph_ids" time="0.001" /><testcase classname="allensdk.test.api.test_rma_template" name="test_structures_by_two_graph_ids" time="0.001" /><testcase classname="allensdk.test.api.test_rma_template" name="test_structures_by_graph_names" time="0.001" /><testcase classname="allensdk.test.api.test_rma_template" name="test_structures_by_set_ids" time="0.001" /><testcase classname="allensdk.test.api.test_rma_template" name="test_atlases_table" time="0.001" /><testcase classname="allensdk.test.api.test_rma_template" name="test_atlases_table_one_graph" time="0.002" /><testcase classname="allensdk.test.api.test_rma_template" name="test_atlases_table_brief" time="0.001" /><testcase classname="allensdk.test.api.test_svg_api" name="test_build_query" time="0.000" /><testcase classname="allensdk.test.api.test_svg_api" name="test_download_svg" time="0.001" /><testcase classname="allensdk.test.api.test_svg_api" name="test_get_svg" time="0.001" /><testcase classname="allensdk.test.api.test_synchronization_api" name="test_image_to_image" time="0.001" /><testcase classname="allensdk.test.api.test_synchronization_api" name="test_image_to_image_2d" time="0.001" /><testcase classname="allensdk.test.api.test_synchronization_api" name="test_reference_to_image" time="0.001" /><testcase classname="allensdk.test.api.test_synchronization_api" name="test_image_to_reference" time="0.001" /><testcase classname="allensdk.test.api.test_synchronization_api" name="test_structure_to_image" time="0.001" /><testcase classname="allensdk.test.api.test_synchronization_api" name="test_image_to_atlas" time="0.001" /><testcase classname="allensdk.test.api.test_tree_search_api" name="test_get_specimen_tree" time="0.001" /><testcase classname="allensdk.test.api.test_tree_search_api" name="test_get_structure_tree" time="0.001" /><testcase classname="allensdk.test.brain_observatory.test_circle_plots" name="test_polar_to_xy" time="0.001" /><testcase classname="allensdk.test.brain_observatory.test_circle_plots" name="test_polar_linspace" time="0.001" /><testcase classname="allensdk.test.brain_observatory.test_circle_plots" name="test_spiral_trials" time="0.001" /><testcase classname="allensdk.test.brain_observatory.test_circle_plots" name="test_spiral_trials_polar" time="0.001" /><testcase classname="allensdk.test.brain_observatory.test_circle_plots" name="test_angle_lines" time="0.001" /><testcase classname="allensdk.test.brain_observatory.test_circle_plots" name="test_radial_arcs" time="0.001" /><testcase classname="allensdk.test.brain_observatory.test_circle_plots" name="test_radial_circles" time="0.001" /><testcase classname="allensdk.test.brain_observatory.test_circle_plots" name="test_polar_line_circles" time="0.001" /><testcase classname="allensdk.test.brain_observatory.test_circle_plots" name="test_wedge_ring" time="0.001" /><testcase classname="allensdk.test.brain_observatory.test_circle_plots" name="test_reset_hex_pack" time="0.000" /><testcase classname="allensdk.test.brain_observatory.test_circle_plots" name="test_hex_pack" time="0.001" /><testcase classname="allensdk.test.brain_observatory.test_demixer" name="test_demix_point[source_frame0-mask_traces0-flat_masks0-pixels_per_mask0-expected0]" time="0.002" /><testcase classname="allensdk.test.brain_observatory.test_demixer" name="test_demix_point[source_frame1-mask_traces1-flat_masks1-pixels_per_mask1-None]" time="0.001" /><testcase classname="allensdk.test.brain_observatory.test_demixer" name="test_demix_point[source_frame2-mask_traces2-flat_masks2-pixels_per_mask2-None]" time="0.001" /><testcase classname="allensdk.test.brain_observatory.test_demixer" name="test_demix_raises_warning_for_singular_matrix[source_frame0-mask_traces0-flat_masks0-pixels_per_mask0-expected0]" time="0.002" /><testcase classname="allensdk.test.brain_observatory.test_demixer" name="test_demix_time_dep_masks[raw_traces0-stack0-masks0-1-expected0]" time="0.002" /><testcase classname="allensdk.test.brain_observatory.test_demixer" name="test_demix_time_dep_masks[raw_traces1-stack1-masks1-2-expected1]" time="0.002" /><testcase classname="allensdk.test.brain_observatory.test_demixer" name="test_demix_time_dep_masks[raw_traces2-stack2-masks2-1000-expected2]" time="0.002" /><testcase classname="allensdk.test.brain_observatory.test_demixer" name="test_demix_time_dep_masks[raw_traces3-stack3-masks3--1-expected3]" time="0.002" /><testcase classname="allensdk.test.brain_observatory.test_demixer" name="test_demix_time_dep_masks[raw_traces4-stack4-masks4-2-expected4]" time="0.002" /><testcase classname="allensdk.test.brain_observatory.test_demixer" name="test_demix_invalid_max_block_size[raw_traces0-stack0-masks0--2]" time="0.001" /><testcase classname="allensdk.test.brain_observatory.test_dff" name="test_movingmode_fast" time="0.001" /><testcase classname="allensdk.test.brain_observatory.test_dff" name="test_compute_dff_windowed_mode" time="0.001" /><testcase classname="allensdk.test.brain_observatory.test_dff" name="test_compute_dff_windowed_median" time="0.002" /><testcase classname="allensdk.test.brain_observatory.test_dff" name="test_calculate_dff" time="0.092" /><testcase classname="allensdk.test.brain_observatory.test_drifting_gratings" name="test_harness[1]" time="0.008" /><testcase classname="allensdk.test.brain_observatory.test_drifting_gratings" name="test_harness[2]" time="0.067" /><testcase classname="allensdk.test.brain_observatory.test_drifting_gratings" name="test_harness[3]" time="0.008" /><testcase classname="allensdk.test.brain_observatory.test_drifting_gratings" name="test_harness[4]" time="0.007" /><testcase classname="allensdk.test.brain_observatory.test_drifting_gratings" name="test_harness[5]" time="0.007" /><testcase classname="allensdk.test.brain_observatory.test_locally_sparse_noise" name="test_harness[locally_sparse_noise-1]" time="0.006" /><testcase classname="allensdk.test.brain_observatory.test_locally_sparse_noise" name="test_harness[locally_sparse_noise-2]" time="0.005" /><testcase classname="allensdk.test.brain_observatory.test_locally_sparse_noise" name="test_harness[locally_sparse_noise-3]" time="0.005" /><testcase classname="allensdk.test.brain_observatory.test_locally_sparse_noise" name="test_harness[locally_sparse_noise-4]" time="0.006" /><testcase classname="allensdk.test.brain_observatory.test_locally_sparse_noise" name="test_harness[locally_sparse_noise-5]" time="0.005" /><testcase classname="allensdk.test.brain_observatory.test_locally_sparse_noise" name="test_harness[locally_sparse_noise-6]" time="0.005" /><testcase classname="allensdk.test.brain_observatory.test_locally_sparse_noise" name="test_harness[locally_sparse_noise_4deg-1]" time="0.005" /><testcase classname="allensdk.test.brain_observatory.test_locally_sparse_noise" name="test_harness[locally_sparse_noise_4deg-2]" time="0.005" /><testcase classname="allensdk.test.brain_observatory.test_locally_sparse_noise" name="test_harness[locally_sparse_noise_4deg-3]" time="0.005" /><testcase classname="allensdk.test.brain_observatory.test_locally_sparse_noise" name="test_harness[locally_sparse_noise_4deg-4]" time="0.005" /><testcase classname="allensdk.test.brain_observatory.test_locally_sparse_noise" name="test_harness[locally_sparse_noise_4deg-5]" time="0.006" /><testcase classname="allensdk.test.brain_observatory.test_locally_sparse_noise" name="test_harness[locally_sparse_noise_4deg-6]" time="0.005" /><testcase classname="allensdk.test.brain_observatory.test_locally_sparse_noise" name="test_harness[locally_sparse_noise_8deg-1]" time="0.005" /><testcase classname="allensdk.test.brain_observatory.test_locally_sparse_noise" name="test_harness[locally_sparse_noise_8deg-2]" time="0.005" /><testcase classname="allensdk.test.brain_observatory.test_locally_sparse_noise" name="test_harness[locally_sparse_noise_8deg-3]" time="0.008" /><testcase classname="allensdk.test.brain_observatory.test_locally_sparse_noise" name="test_harness[locally_sparse_noise_8deg-4]" time="0.008" /><testcase classname="allensdk.test.brain_observatory.test_locally_sparse_noise" name="test_harness[locally_sparse_noise_8deg-5]" time="0.010" /><testcase classname="allensdk.test.brain_observatory.test_locally_sparse_noise" name="test_harness[locally_sparse_noise_8deg-6]" time="0.007" /><testcase classname="allensdk.test.brain_observatory.test_natural_movie" name="test_harness[trigger0]" time="0.074" /><testcase classname="allensdk.test.brain_observatory.test_natural_movie" name="test_harness[trigger1]" time="0.006" /><testcase classname="allensdk.test.brain_observatory.test_natural_scenes" name="test_harness[1]" time="0.009" /><testcase classname="allensdk.test.brain_observatory.test_natural_scenes" name="test_harness[2]" time="0.008" /><testcase classname="allensdk.test.brain_observatory.test_natural_scenes" name="test_harness[3]" time="0.009" /><testcase classname="allensdk.test.brain_observatory.test_natural_scenes" name="test_harness[4]" time="0.008" /><testcase classname="allensdk.test.brain_observatory.test_natural_scenes" name="test_harness[5]" time="0.008" /><testcase classname="allensdk.test.brain_observatory.test_notebook" name="test_brain_observatory_trace_analysis_notebook" time="0.000"><skipped message="this test is either time/memory/compute expensive or it depends on resources internal to the Allen Institute. Either way, it does'nt run by default and must be opted into (it does run in our nightly builds)." type="pytest.skip">/home/adam.amster/AllenSDK/allensdk/test/brain_observatory/test_notebook.py:56: this test is either time/memory/compute expensive or it depends on resources internal to the Allen Institute. Either way, it does'nt run by default and must be opted into (it does run in our nightly builds).</skipped></testcase><testcase classname="allensdk.test.brain_observatory.test_notebook" name="test_brain_observatory_static_gratings_notebook" time="0.000"><skipped message="this test is either time/memory/compute expensive or it depends on resources internal to the Allen Institute. Either way, it does'nt run by default and must be opted into (it does run in our nightly builds)." type="pytest.skip">/home/adam.amster/AllenSDK/allensdk/test/brain_observatory/test_notebook.py:95: this test is either time/memory/compute expensive or it depends on resources internal to the Allen Institute. Either way, it does'nt run by default and must be opted into (it does run in our nightly builds).</skipped></testcase><testcase classname="allensdk.test.brain_observatory.test_notebook" name="test_brain_observatory_natural_scenes_notebook" time="0.000"><skipped message="this test is either time/memory/compute expensive or it depends on resources internal to the Allen Institute. Either way, it does'nt run by default and must be opted into (it does run in our nightly builds)." type="pytest.skip">/home/adam.amster/AllenSDK/allensdk/test/brain_observatory/test_notebook.py:105: this test is either time/memory/compute expensive or it depends on resources internal to the Allen Institute. Either way, it does'nt run by default and must be opted into (it does run in our nightly builds).</skipped></testcase><testcase classname="allensdk.test.brain_observatory.test_notebook" name="test_brain_observatory_locally_sparse_noise_notebook" time="0.000"><skipped message="this test is either time/memory/compute expensive or it depends on resources internal to the Allen Institute. Either way, it does'nt run by default and must be opted into (it does run in our nightly builds)." type="pytest.skip">/home/adam.amster/AllenSDK/allensdk/test/brain_observatory/test_notebook.py:115: this test is either time/memory/compute expensive or it depends on resources internal to the Allen Institute. Either way, it does'nt run by default and must be opted into (it does run in our nightly builds).</skipped></testcase><testcase classname="allensdk.test.brain_observatory.test_notebook" name="test_brain_observatory_experiment_containers_notebook" time="0.000"><skipped message="this test is either time/memory/compute expensive or it depends on resources internal to the Allen Institute. Either way, it does'nt run by default and must be opted into (it does run in our nightly builds)." type="pytest.skip">/home/adam.amster/AllenSDK/allensdk/test/brain_observatory/test_notebook.py:133: this test is either time/memory/compute expensive or it depends on resources internal to the Allen Institute. Either way, it does'nt run by default and must be opted into (it does run in our nightly builds).</skipped></testcase><testcase classname="allensdk.test.brain_observatory.test_observatory_plots" name="test_ttp_static_gratings[static_gratings_ttp.png-static_gratings0]" time="0.001"><skipped message="NWB Data files not configured" type="pytest.skip">/home/adam.amster/AllenSDK/allensdk/test/brain_observatory/test_observatory_plots.py:114: NWB Data files not configured</skipped></testcase><testcase classname="allensdk.test.brain_observatory.test_observatory_plots" name="test_pref_ori_static_gratings[static_gratings_pref_ori.png-static_gratings0]" time="0.000"><skipped message="NWB Data files not configured" type="pytest.skip">/home/adam.amster/AllenSDK/allensdk/test/brain_observatory/test_observatory_plots.py:124: NWB Data files not configured</skipped></testcase><testcase classname="allensdk.test.brain_observatory.test_observatory_plots" name="test_osi_static_gratings[static_gratings_ori.png-static_gratings0]" time="0.000"><skipped message="NWB Data files not configured" type="pytest.skip">/home/adam.amster/AllenSDK/allensdk/test/brain_observatory/test_observatory_plots.py:134: NWB Data files not configured</skipped></testcase><testcase classname="allensdk.test.brain_observatory.test_observatory_plots" name="test_pref_sf[static_gratings_pref_sf.png-static_gratings0]" time="0.000"><skipped message="NWB Data files not configured" type="pytest.skip">/home/adam.amster/AllenSDK/allensdk/test/brain_observatory/test_observatory_plots.py:144: NWB Data files not configured</skipped></testcase><testcase classname="allensdk.test.brain_observatory.test_observatory_plots" name="test_pref_dir_drifting_gratings[drifting_gratings_pref_dir.png-drifting_gratings0]" time="0.000"><skipped message="NWB Data files not configured" type="pytest.skip">/home/adam.amster/AllenSDK/allensdk/test/brain_observatory/test_observatory_plots.py:154: NWB Data files not configured</skipped></testcase><testcase classname="allensdk.test.brain_observatory.test_observatory_plots" name="test_pref_tf_drifting_gratings[drifting_gratings_pref_tf.png-drifting_gratings0]" time="0.000"><skipped message="NWB Data files not configured" type="pytest.skip">/home/adam.amster/AllenSDK/allensdk/test/brain_observatory/test_observatory_plots.py:164: NWB Data files not configured</skipped></testcase><testcase classname="allensdk.test.brain_observatory.test_observatory_plots" name="test_dsi_drifting_gratings[drifting_gratings_dsi.png-drifting_gratings0]" time="0.000"><skipped message="NWB Data files not configured" type="pytest.skip">/home/adam.amster/AllenSDK/allensdk/test/brain_observatory/test_observatory_plots.py:174: NWB Data files not configured</skipped></testcase><testcase classname="allensdk.test.brain_observatory.test_observatory_plots" name="test_osi_drifting_gratings[drifting_gratings_osi.png-drifting_gratings0]" time="0.000"><skipped message="NWB Data files not configured" type="pytest.skip">/home/adam.amster/AllenSDK/allensdk/test/brain_observatory/test_observatory_plots.py:184: NWB Data files not configured</skipped></testcase><testcase classname="allensdk.test.brain_observatory.test_observatory_plots" name="test_ttp_natural_scenes[natural_scenes_ttp.png-natural_scenes0]" time="0.000"><skipped message="NWB Data files not configured" type="pytest.skip">/home/adam.amster/AllenSDK/allensdk/test/brain_observatory/test_observatory_plots.py:194: NWB Data files not configured</skipped></testcase><testcase classname="allensdk.test.brain_observatory.test_observatory_plots" name="test_fan_plot[static_gratings_fan_plot.png-static_gratings0-None]" time="0.000"><skipped message="NWB Data files not configured" type="pytest.skip">/home/adam.amster/AllenSDK/allensdk/test/brain_observatory/test_observatory_plots.py:204: NWB Data files not configured</skipped></testcase><testcase classname="allensdk.test.brain_observatory.test_observatory_plots" name="test_corona_plot[natural_scenes_fan_plot.png-natural_scenes0-None]" time="0.000"><skipped message="NWB Data files not configured" type="pytest.skip">/home/adam.amster/AllenSDK/allensdk/test/brain_observatory/test_observatory_plots.py:214: NWB Data files not configured</skipped></testcase><testcase classname="allensdk.test.brain_observatory.test_observatory_plots" name="test_track_plot[natural_movie_one_a_track_plot.png-natural_movie0-None]" time="0.000"><skipped message="NWB Data files not configured" type="pytest.skip">/home/adam.amster/AllenSDK/allensdk/test/brain_observatory/test_observatory_plots.py:224: NWB Data files not configured</skipped></testcase><testcase classname="allensdk.test.brain_observatory.test_observatory_plots" name="test_track_plot[natural_movie_one_b_track_plot.png-natural_movie1-None]" time="0.000"><skipped message="NWB Data files not configured" type="pytest.skip">/home/adam.amster/AllenSDK/allensdk/test/brain_observatory/test_observatory_plots.py:224: NWB Data files not configured</skipped></testcase><testcase classname="allensdk.test.brain_observatory.test_observatory_plots" name="test_track_plot[natural_movie_one_c_track_plot.png-natural_movie2-None]" time="0.000"><skipped message="NWB Data files not configured" type="pytest.skip">/home/adam.amster/AllenSDK/allensdk/test/brain_observatory/test_observatory_plots.py:224: NWB Data files not configured</skipped></testcase><testcase classname="allensdk.test.brain_observatory.test_observatory_plots" name="test_track_plot[natural_movie_two_track_plot.png-natural_movie3-None]" time="0.000"><skipped message="NWB Data files not configured" type="pytest.skip">/home/adam.amster/AllenSDK/allensdk/test/brain_observatory/test_observatory_plots.py:224: NWB Data files not configured</skipped></testcase><testcase classname="allensdk.test.brain_observatory.test_observatory_plots" name="test_track_plot[natural_movie_three_track_plot.png-natural_movie4-None]" time="0.000"><skipped message="NWB Data files not configured" type="pytest.skip">/home/adam.amster/AllenSDK/allensdk/test/brain_observatory/test_observatory_plots.py:224: NWB Data files not configured</skipped></testcase><testcase classname="allensdk.test.brain_observatory.test_observatory_plots" name="test_star_plot[drifting_gratings_star_plot.png-drifting_gratings0-None]" time="0.000"><skipped message="NWB Data files not configured" type="pytest.skip">/home/adam.amster/AllenSDK/allensdk/test/brain_observatory/test_observatory_plots.py:238: NWB Data files not configured</skipped></testcase><testcase classname="allensdk.test.brain_observatory.test_observatory_plots" name="test_speed_tuning_plot[3sa_speed_tuning_plot.png-analysis0-None]" time="0.000"><skipped message="NWB Data files not configured" type="pytest.skip">/home/adam.amster/AllenSDK/allensdk/test/brain_observatory/test_observatory_plots.py:248: NWB Data files not configured</skipped></testcase><testcase classname="allensdk.test.brain_observatory.test_observatory_plots" name="test_speed_tuning_plot[3sb_speed_tuning_plot.png-analysis1-None]" time="0.000"><skipped message="NWB Data files not configured" type="pytest.skip">/home/adam.amster/AllenSDK/allensdk/test/brain_observatory/test_observatory_plots.py:248: NWB Data files not configured</skipped></testcase><testcase classname="allensdk.test.brain_observatory.test_observatory_plots" name="test_speed_tuning_plot[3sc_speed_tuning_plot.png-analysis2-None]" time="0.000"><skipped message="NWB Data files not configured" type="pytest.skip">/home/adam.amster/AllenSDK/allensdk/test/brain_observatory/test_observatory_plots.py:248: NWB Data files not configured</skipped></testcase><testcase classname="allensdk.test.brain_observatory.test_observatory_plots" name="test_pincushion_plot[locally_sparse_noise_on.png-locally_sparse_noise0-True-None]" time="0.000"><skipped message="NWB Data files not configured" type="pytest.skip">/home/adam.amster/AllenSDK/allensdk/test/brain_observatory/test_observatory_plots.py:260: NWB Data files not configured</skipped></testcase><testcase classname="allensdk.test.brain_observatory.test_observatory_plots" name="test_pincushion_plot[locally_sparse_noise_off.png-locally_sparse_noise1-False-None]" time="0.000"><skipped message="NWB Data files not configured" type="pytest.skip">/home/adam.amster/AllenSDK/allensdk/test/brain_observatory/test_observatory_plots.py:260: NWB Data files not configured</skipped></testcase><testcase classname="allensdk.test.brain_observatory.test_roi_masks" name="test_init_by_pixels" time="0.001" /><testcase classname="allensdk.test.brain_observatory.test_roi_masks" name="test_init_by_pixels_with_border" time="0.000" /><testcase classname="allensdk.test.brain_observatory.test_roi_masks" name="test_init_by_pixels_large" time="0.021" /><testcase classname="allensdk.test.brain_observatory.test_roi_masks" name="test_create_neuropil_mask" time="0.001" /><testcase classname="allensdk.test.brain_observatory.test_roi_masks" name="test_create_empty_neuropil_mask" time="0.001" /><testcase classname="allensdk.test.brain_observatory.test_roi_masks" name="test_calculate_traces" time="0.003" /><testcase classname="allensdk.test.brain_observatory.test_roi_masks" name="test_validate_masks" time="0.005" /><testcase classname="allensdk.test.brain_observatory.test_session_analysis" name="test_session_a[False]" time="0.000"><skipped message="this test is either time/memory/compute expensive or it depends on resources internal to the Allen Institute. Either way, it does'nt run by default and must be opted into (it does run in our nightly builds)." type="pytest.skip">/home/adam.amster/AllenSDK/allensdk/test/brain_observatory/test_session_analysis.py:93: this test is either time/memory/compute expensive or it depends on resources internal to the Allen Institute. Either way, it does'nt run by default and must be opted into (it does run in our nightly builds).</skipped></testcase><testcase classname="allensdk.test.brain_observatory.test_session_analysis" name="test_session_b[False]" time="0.000"><skipped message="this test is either time/memory/compute expensive or it depends on resources internal to the Allen Institute. Either way, it does'nt run by default and must be opted into (it does run in our nightly builds)." type="pytest.skip">/home/adam.amster/AllenSDK/allensdk/test/brain_observatory/test_session_analysis.py:103: this test is either time/memory/compute expensive or it depends on resources internal to the Allen Institute. Either way, it does'nt run by default and must be opted into (it does run in our nightly builds).</skipped></testcase><testcase classname="allensdk.test.brain_observatory.test_session_analysis" name="test_session_c[False]" time="0.000"><skipped message="this test is either time/memory/compute expensive or it depends on resources internal to the Allen Institute. Either way, it does'nt run by default and must be opted into (it does run in our nightly builds)." type="pytest.skip">/home/adam.amster/AllenSDK/allensdk/test/brain_observatory/test_session_analysis.py:113: this test is either time/memory/compute expensive or it depends on resources internal to the Allen Institute. Either way, it does'nt run by default and must be opted into (it does run in our nightly builds).</skipped></testcase><testcase classname="allensdk.test.brain_observatory.test_session_analysis" name="test_session_get_session_type" time="0.000"><skipped message="this test is either time/memory/compute expensive or it depends on resources internal to the Allen Institute. Either way, it does'nt run by default and must be opted into (it does run in our nightly builds)." type="pytest.skip">/home/adam.amster/AllenSDK/allensdk/test/brain_observatory/test_session_analysis.py:123: this test is either time/memory/compute expensive or it depends on resources internal to the Allen Institute. Either way, it does'nt run by default and must be opted into (it does run in our nightly builds).</skipped></testcase><testcase classname="allensdk.test.brain_observatory.test_session_analysis" name="test_session_get_session_type_b" time="0.000"><skipped message="this test is either time/memory/compute expensive or it depends on resources internal to the Allen Institute. Either way, it does'nt run by default and must be opted into (it does run in our nightly builds)." type="pytest.skip">/home/adam.amster/AllenSDK/allensdk/test/brain_observatory/test_session_analysis.py:130: this test is either time/memory/compute expensive or it depends on resources internal to the Allen Institute. Either way, it does'nt run by default and must be opted into (it does run in our nightly builds).</skipped></testcase><testcase classname="allensdk.test.brain_observatory.test_session_analysis" name="test_session_get_session_type_c" time="0.000"><skipped message="this test is either time/memory/compute expensive or it depends on resources internal to the Allen Institute. Either way, it does'nt run by default and must be opted into (it does run in our nightly builds)." type="pytest.skip">/home/adam.amster/AllenSDK/allensdk/test/brain_observatory/test_session_analysis.py:137: this test is either time/memory/compute expensive or it depends on resources internal to the Allen Institute. Either way, it does'nt run by default and must be opted into (it does run in our nightly builds).</skipped></testcase><testcase classname="allensdk.test.brain_observatory.test_session_analysis_regression" name="test_session_a" time="0.000"><skipped message="this test is either time/memory/compute expensive or it depends on resources internal to the Allen Institute. Either way, it does'nt run by default and must be opted into (it does run in our nightly builds)." type="pytest.skip">/home/adam.amster/AllenSDK/allensdk/test/brain_observatory/test_session_analysis_regression.py:176: this test is either time/memory/compute expensive or it depends on resources internal to the Allen Institute. Either way, it does'nt run by default and must be opted into (it does run in our nightly builds).</skipped></testcase><testcase classname="allensdk.test.brain_observatory.test_session_analysis_regression" name="test_drifting_gratings" time="0.000"><skipped message="this test is either time/memory/compute expensive or it depends on resources internal to the Allen Institute. Either way, it does'nt run by default and must be opted into (it does run in our nightly builds)." type="pytest.skip">/home/adam.amster/AllenSDK/allensdk/test/brain_observatory/test_session_analysis_regression.py:183: this test is either time/memory/compute expensive or it depends on resources internal to the Allen Institute. Either way, it does'nt run by default and must be opted into (it does run in our nightly builds).</skipped></testcase><testcase classname="allensdk.test.brain_observatory.test_session_analysis_regression" name="test_natural_movie_one_a" time="0.000"><skipped message="this test is either time/memory/compute expensive or it depends on resources internal to the Allen Institute. Either way, it does'nt run by default and must be opted into (it does run in our nightly builds)." type="pytest.skip">/home/adam.amster/AllenSDK/allensdk/test/brain_observatory/test_session_analysis_regression.py:195: this test is either time/memory/compute expensive or it depends on resources internal to the Allen Institute. Either way, it does'nt run by default and must be opted into (it does run in our nightly builds).</skipped></testcase><testcase classname="allensdk.test.brain_observatory.test_session_analysis_regression" name="test_natural_movie_three" time="0.000"><skipped message="this test is either time/memory/compute expensive or it depends on resources internal to the Allen Institute. Either way, it does'nt run by default and must be opted into (it does run in our nightly builds)." type="pytest.skip">/home/adam.amster/AllenSDK/allensdk/test/brain_observatory/test_session_analysis_regression.py:204: this test is either time/memory/compute expensive or it depends on resources internal to the Allen Institute. Either way, it does'nt run by default and must be opted into (it does run in our nightly builds).</skipped></testcase><testcase classname="allensdk.test.brain_observatory.test_session_analysis_regression" name="test_session_b" time="0.000"><skipped message="this test is either time/memory/compute expensive or it depends on resources internal to the Allen Institute. Either way, it does'nt run by default and must be opted into (it does run in our nightly builds)." type="pytest.skip">/home/adam.amster/AllenSDK/allensdk/test/brain_observatory/test_session_analysis_regression.py:211: this test is either time/memory/compute expensive or it depends on resources internal to the Allen Institute. Either way, it does'nt run by default and must be opted into (it does run in our nightly builds).</skipped></testcase><testcase classname="allensdk.test.brain_observatory.test_session_analysis_regression" name="test_static_gratings" time="0.000"><skipped message="this test is either time/memory/compute expensive or it depends on resources internal to the Allen Institute. Either way, it does'nt run by default and must be opted into (it does run in our nightly builds)." type="pytest.skip">/home/adam.amster/AllenSDK/allensdk/test/brain_observatory/test_session_analysis_regression.py:217: this test is either time/memory/compute expensive or it depends on resources internal to the Allen Institute. Either way, it does'nt run by default and must be opted into (it does run in our nightly builds).</skipped></testcase><testcase classname="allensdk.test.brain_observatory.test_session_analysis_regression" name="test_natural_movie_one_b" time="0.000"><skipped message="this test is either time/memory/compute expensive or it depends on resources internal to the Allen Institute. Either way, it does'nt run by default and must be opted into (it does run in our nightly builds)." type="pytest.skip">/home/adam.amster/AllenSDK/allensdk/test/brain_observatory/test_session_analysis_regression.py:228: this test is either time/memory/compute expensive or it depends on resources internal to the Allen Institute. Either way, it does'nt run by default and must be opted into (it does run in our nightly builds).</skipped></testcase><testcase classname="allensdk.test.brain_observatory.test_session_analysis_regression" name="test_natural_scenes" time="0.000"><skipped message="this test is either time/memory/compute expensive or it depends on resources internal to the Allen Institute. Either way, it does'nt run by default and must be opted into (it does run in our nightly builds)." type="pytest.skip">/home/adam.amster/AllenSDK/allensdk/test/brain_observatory/test_session_analysis_regression.py:238: this test is either time/memory/compute expensive or it depends on resources internal to the Allen Institute. Either way, it does'nt run by default and must be opted into (it does run in our nightly builds).</skipped></testcase><testcase classname="allensdk.test.brain_observatory.test_session_analysis_regression" name="test_session_c" time="0.000"><skipped message="this test is either time/memory/compute expensive or it depends on resources internal to the Allen Institute. Either way, it does'nt run by default and must be opted into (it does run in our nightly builds)." type="pytest.skip">/home/adam.amster/AllenSDK/allensdk/test/brain_observatory/test_session_analysis_regression.py:248: this test is either time/memory/compute expensive or it depends on resources internal to the Allen Institute. Either way, it does'nt run by default and must be opted into (it does run in our nightly builds).</skipped></testcase><testcase classname="allensdk.test.brain_observatory.test_session_analysis_regression" name="test_locally_sparse_noise" time="0.000"><skipped message="this test is either time/memory/compute expensive or it depends on resources internal to the Allen Institute. Either way, it does'nt run by default and must be opted into (it does run in our nightly builds)." type="pytest.skip">/home/adam.amster/AllenSDK/allensdk/test/brain_observatory/test_session_analysis_regression.py:254: this test is either time/memory/compute expensive or it depends on resources internal to the Allen Institute. Either way, it does'nt run by default and must be opted into (it does run in our nightly builds).</skipped></testcase><testcase classname="allensdk.test.brain_observatory.test_session_analysis_regression" name="test_natural_movie_one_c" time="0.000"><skipped message="this test is either time/memory/compute expensive or it depends on resources internal to the Allen Institute. Either way, it does'nt run by default and must be opted into (it does run in our nightly builds)." type="pytest.skip">/home/adam.amster/AllenSDK/allensdk/test/brain_observatory/test_session_analysis_regression.py:268: this test is either time/memory/compute expensive or it depends on resources internal to the Allen Institute. Either way, it does'nt run by default and must be opted into (it does run in our nightly builds).</skipped></testcase><testcase classname="allensdk.test.brain_observatory.test_session_api_utils" name="test_is_equal[2-2-True]" time="0.001" /><testcase classname="allensdk.test.brain_observatory.test_session_api_utils" name="test_is_equal[1-1-True]" time="0.001" /><testcase classname="allensdk.test.brain_observatory.test_session_api_utils" name="test_is_equal[1.5-1.5-True]" time="0.001" /><testcase classname="allensdk.test.brain_observatory.test_session_api_utils" name="test_is_equal[a3-b3-True]" time="0.001" /><testcase classname="allensdk.test.brain_observatory.test_session_api_utils" name="test_is_equal[a4-b4-True]" time="0.001" /><testcase classname="allensdk.test.brain_observatory.test_session_api_utils" name="test_is_equal[a5-b5-True]" time="0.001" /><testcase classname="allensdk.test.brain_observatory.test_session_api_utils" name="test_is_equal[a6-b6-True]" time="0.000" /><testcase classname="allensdk.test.brain_observatory.test_session_api_utils" name="test_is_equal[a7-b7-True]" time="0.001" /><testcase classname="allensdk.test.brain_observatory.test_session_api_utils" name="test_is_equal[a8-b8-True]" time="0.001" /><testcase classname="allensdk.test.brain_observatory.test_session_api_utils" name="test_is_equal[a9-b9-True]" time="0.001" /><testcase classname="allensdk.test.brain_observatory.test_session_api_utils" name="test_is_equal[a10-b10-True]" time="0.001" /><testcase classname="allensdk.test.brain_observatory.test_session_api_utils" name="test_is_equal[a11-b11-True]" time="0.001" /><testcase classname="allensdk.test.brain_observatory.test_session_api_utils" name="test_is_equal[a12-b12-True]" time="0.001" /><testcase classname="allensdk.test.brain_observatory.test_session_api_utils" name="test_is_equal[a13-b13-True]" time="0.001" /><testcase classname="allensdk.test.brain_observatory.test_session_api_utils" name="test_is_equal[a14-b14-True]" time="0.001" /><testcase classname="allensdk.test.brain_observatory.test_session_api_utils" name="test_is_equal[1-2.0-False]" time="0.001" /><testcase classname="allensdk.test.brain_observatory.test_session_api_utils" name="test_is_equal[1-2-False]" time="0.000" /><testcase classname="allensdk.test.brain_observatory.test_session_api_utils" name="test_is_equal[a17-5-False]" time="
[...]
r_roundtrip[size4]" time="0.002" /><testcase classname="allensdk.test.core.test_sitk_utilities" name="test_sitk_nrrd_read[size0]" time="0.002" /><testcase classname="allensdk.test.core.test_sitk_utilities" name="test_sitk_nrrd_read[size1]" time="0.003" /><testcase classname="allensdk.test.core.test_sitk_utilities" name="test_sitk_nrrd_read[size2]" time="0.003" /><testcase classname="allensdk.test.core.test_sitk_utilities" name="test_sitk_nrrd_read[size3]" time="0.002" /><testcase classname="allensdk.test.core.test_sitk_utilities" name="test_sitk_nrrd_read[size4]" time="0.002" /><testcase classname="allensdk.test.core.test_sitk_utilities" name="test_sitk_nrrd_write[size0]" time="0.002" /><testcase classname="allensdk.test.core.test_sitk_utilities" name="test_sitk_nrrd_write[size1]" time="0.002" /><testcase classname="allensdk.test.core.test_sitk_utilities" name="test_sitk_nrrd_write[size2]" time="0.002" /><testcase classname="allensdk.test.core.test_sitk_utilities" name="test_sitk_nrrd_write[size3]" time="0.002" /><testcase classname="allensdk.test.core.test_sitk_utilities" name="test_sitk_nrrd_write[size4]" time="0.002" /><testcase classname="allensdk.test.core.test_structure_tree" name="test_get_structures_by_id" time="0.001" /><testcase classname="allensdk.test.core.test_structure_tree" name="test_get_structures_by_name" time="0.000" /><testcase classname="allensdk.test.core.test_structure_tree" name="test_get_structures_by_acronym" time="0.000" /><testcase classname="allensdk.test.core.test_structure_tree" name="test_get_structures_by_set_id" time="0.000" /><testcase classname="allensdk.test.core.test_structure_tree" name="test_get_colormap" time="0.001" /><testcase classname="allensdk.test.core.test_structure_tree" name="test_get_name_map" time="0.000" /><testcase classname="allensdk.test.core.test_structure_tree" name="test_get_id_acronym_map" time="0.000" /><testcase classname="allensdk.test.core.test_structure_tree" name="test_get_ancestor_id_map" time="0.000" /><testcase classname="allensdk.test.core.test_structure_tree" name="test_structure_descends_from" time="0.000" /><testcase classname="allensdk.test.core.test_structure_tree" name="test_has_overlaps" time="0.001" /><testcase classname="allensdk.test.core.test_structure_tree" name="test_clean_structures" time="0.000" /><testcase classname="allensdk.test.core.test_structure_tree" name="test_clean_structures_no_sets" time="0.000" /><testcase classname="allensdk.test.core.test_structure_tree" name="test_clean_structures_only_ids" time="0.000" /><testcase classname="allensdk.test.core.test_structure_tree" name="test_clean_structures_ids_sets" time="0.000" /><testcase classname="allensdk.test.core.test_structure_tree" name="test_clean_structures_str_id" time="0.000" /><testcase classname="allensdk.test.core.test_structure_tree" name="test_get_structure_sets" time="0.000" /><testcase classname="allensdk.test.core.test_structure_tree" name="test_clean_structures_weird_keys" time="0.000" /><testcase classname="allensdk.test.core.test_structure_tree" name="test_hex_to_rgb[990099-out0]" time="0.001" /><testcase classname="allensdk.test.core.test_structure_tree" name="test_hex_to_rgb[#990099-out1]" time="0.000" /><testcase classname="allensdk.test.core.test_structure_tree" name="test_hex_to_rgb[inp2-out2]" time="0.001" /><testcase classname="allensdk.test.core.test_structure_tree" name="test_hex_to_rgb[inp3-out3]" time="0.001" /><testcase classname="allensdk.test.core.test_structure_tree" name="test_hex_to_rgb[inp4-out4]" time="0.001" /><testcase classname="allensdk.test.core.test_structure_tree" name="test_path_to_list[/1/2/3/-out0]" time="0.000" /><testcase classname="allensdk.test.core.test_structure_tree" name="test_path_to_list[1/2/3/-out1]" time="0.000" /><testcase classname="allensdk.test.core.test_structure_tree" name="test_path_to_list[/1/2/3-out2]" time="0.001" /><testcase classname="allensdk.test.core.test_structure_tree" name="test_path_to_list[1/2/3-out3]" time="0.001" /><testcase classname="allensdk.test.core.test_structure_tree" name="test_path_to_list[inp4-out4]" time="0.001" /><testcase classname="allensdk.test.core.test_structure_tree" name="test_path_to_list[inp5-out5]" time="0.000" /><testcase classname="allensdk.test.core.test_structure_tree" name="test_path_to_list[inp6-out6]" time="0.001" /><testcase classname="allensdk.test.core.test_structure_tree" name="test_path_to_list[-out7]" time="0.001" /><testcase classname="allensdk.test.core.test_structure_tree" name="test_export_label_description" time="0.005" /><testcase classname="allensdk.test.ephys.test_extractor" name="test_extractor_no_values" time="0.000" /><testcase classname="allensdk.test.ephys.test_extractor" name="test_extractor_wrong_inputs" time="0.021" /><testcase classname="allensdk.test.ephys.test_extractor" name="test_extractor_on_sample_data" time="0.042" /><testcase classname="allensdk.test.ephys.test_extractor" name="test_extractor_on_sample_data_with_i" time="0.044" /><testcase classname="allensdk.test.ephys.test_extractor" name="test_extractor_on_zero_voltage" time="0.003" /><testcase classname="allensdk.test.ephys.test_extractor" name="test_extractor_on_variable_time_step" time="0.028" /><testcase classname="allensdk.test.ephys.test_extractor" name="test_extractor_with_high_init_dvdt" time="0.127" /><testcase classname="allensdk.test.ephys.test_extractor" name="test_extractor_input_resistance" time="0.003" /><testcase classname="allensdk.test.ephys.test_extractor" name="test_fit_fi_slope" time="0.001" /><testcase classname="allensdk.test.ephys.test_features" name="test_v_and_t_are_arrays" time="0.000" /><testcase classname="allensdk.test.ephys.test_features" name="test_size_mismatch" time="0.000" /><testcase classname="allensdk.test.ephys.test_features" name="test_find_time_out_of_bounds" time="0.000" /><testcase classname="allensdk.test.ephys.test_features" name="test_dvdt_no_filter" time="0.000" /><testcase classname="allensdk.test.ephys.test_features" name="test_fixed_dt" time="0.000" /><testcase classname="allensdk.test.ephys.test_features" name="test_detect_one_spike" time="0.020" /><testcase classname="allensdk.test.ephys.test_features" name="test_detect_two_spikes" time="0.020" /><testcase classname="allensdk.test.ephys.test_features" name="test_detect_no_spikes" time="0.019" /><testcase classname="allensdk.test.ephys.test_features" name="test_detect_no_spike_peaks" time="0.017" /><testcase classname="allensdk.test.ephys.test_features" name="test_detect_two_spike_peaks" time="0.017" /><testcase classname="allensdk.test.ephys.test_features" name="test_filter_problem_spikes" time="0.019" /><testcase classname="allensdk.test.ephys.test_features" name="test_filter_no_spikes" time="0.018" /><testcase classname="allensdk.test.ephys.test_features" name="test_upstrokes" time="0.019" /><testcase classname="allensdk.test.ephys.test_features" name="test_thresholds" time="0.019" /><testcase classname="allensdk.test.ephys.test_features" name="test_thresholds_cannot_find_target" time="0.020" /><testcase classname="allensdk.test.ephys.test_features" name="test_check_spikes_and_peaks" time="0.000" /><testcase classname="allensdk.test.ephys.test_features" name="test_troughs" time="0.018" /><testcase classname="allensdk.test.ephys.test_features" name="test_troughs_with_peak_at_end" time="0.018" /><testcase classname="allensdk.test.ephys.test_features" name="test_downstrokes" time="0.019" /><testcase classname="allensdk.test.ephys.test_features" name="test_downstrokes_too_many_troughs" time="0.019" /><testcase classname="allensdk.test.ephys.test_features" name="test_width_calculation" time="0.021" /><testcase classname="allensdk.test.ephys.test_features" name="test_width_calculation_too_many_troughs" time="0.017" /><testcase classname="allensdk.test.ephys.test_features" name="test_width_calculation_with_burst" time="0.000"><skipped message="not implemented" type="pytest.skip">/home/adam.amster/AllenSDK/allensdk/test/ephys/test_features.py:265: not implemented</skipped></testcase><testcase classname="allensdk.test.model.test_biophysical_perisomatic" name="test_biophysical" time="0.000"><skipped message="partial testing" type="pytest.skip">/home/adam.amster/AllenSDK/allensdk/test/model/test_biophysical_perisomatic.py:45: partial testing</skipped></testcase><testcase classname="allensdk.test.model.test_glif" name="test_run_glifneuron" time="0.136" /><testcase classname="allensdk.test.model.test_runner" name="test_args" time="0.261"><failure message="subprocess.CalledProcessError: Command '['python', '-m', 'allensdk.test.model.check_parser', 'manifest.json']' returned non-zero exit status 1.">def test_args():
        """
        Test for legacy and newest biophysical model simulation calls
        """
        # Legacy all-active simulation call pattern
&gt;       args_legacy = subprocess.check_output(['python', '-m', 'allensdk.test.model.check_parser', 'manifest.json'])

model/test_runner.py:9: 
_ _ _ _ _ _ _ _ _ _ _ _ _ _ _ _ _ _ _ _ _ _ _ _ _ _ _ _ _ _ _ _ _ _ _ _ _ _ _ _ _ _ _ _ _ _ _ _ _ _ _ _ _ _ _ _ _ _ _ _ _ _ _ _ _ _ _ _ _ _ _ _ _ _ _ _ _ _ _ _ _ _ _ _ _ _ _ _ _ _ _ _ _ _ _ _ _ _ _ _ _ _ _ _ _ _ _ _ _ _ _ _ _ _ _ _ _ _
../../../anaconda3/envs/allensdk/lib/python3.7/subprocess.py:411: in check_output
    **kwargs).stdout
_ _ _ _ _ _ _ _ _ _ _ _ _ _ _ _ _ _ _ _ _ _ _ _ _ _ _ _ _ _ _ _ _ _ _ _ _ _ _ _ _ _ _ _ _ _ _ _ _ _ _ _ _ _ _ _ _ _ _ _ _ _ _ _ _ _ _ _ _ _ _ _ _ _ _ _ _ _ _ _ _ _ _ _ _ _ _ _ _ _ _ _ _ _ _ _ _ _ _ _ _ _ _ _ _ _ _ _ _ _ _ _ _ _ _ _ _ _

input = None, capture_output = False, timeout = None, check = True, popenargs = (['python', '-m', 'allensdk.test.model.check_parser', 'manifest.json'],), kwargs = {'stdout': -1}, process = &lt;subprocess.Popen object at 0x7f83b4d31b90&gt;
stdout = b'', stderr = None, retcode = 1

    def run(*popenargs,
            input=None, capture_output=False, timeout=None, check=False, **kwargs):
        """Run command with arguments and return a CompletedProcess instance.
    
        The returned instance will have attributes args, returncode, stdout and
        stderr. By default, stdout and stderr are not captured, and those attributes
        will be None. Pass stdout=PIPE and/or stderr=PIPE in order to capture them.
    
        If check is True and the exit code was non-zero, it raises a
        CalledProcessError. The CalledProcessError object will have the return code
        in the returncode attribute, and output &amp; stderr attributes if those streams
        were captured.
    
        If timeout is given, and the process takes too long, a TimeoutExpired
        exception will be raised.
    
        There is an optional argument "input", allowing you to
        pass bytes or a string to the subprocess's stdin.  If you use this argument
        you may not also use the Popen constructor's "stdin" argument, as
        it will be used internally.
    
        By default, all communication is in bytes, and therefore any "input" should
        be bytes, and the stdout and stderr will be bytes. If in text mode, any
        "input" should be a string, and stdout and stderr will be strings decoded
        according to locale encoding, or by "encoding" if set. Text mode is
        triggered by setting any of text, encoding, errors or universal_newlines.
    
        The other arguments are the same as for the Popen constructor.
        """
        if input is not None:
            if kwargs.get('stdin') is not None:
                raise ValueError('stdin and input arguments may not both be used.')
            kwargs['stdin'] = PIPE
    
        if capture_output:
            if kwargs.get('stdout') is not None or kwargs.get('stderr') is not None:
                raise ValueError('stdout and stderr arguments may not be used '
                                 'with capture_output.')
            kwargs['stdout'] = PIPE
            kwargs['stderr'] = PIPE
    
        with Popen(*popenargs, **kwargs) as process:
            try:
                stdout, stderr = process.communicate(input, timeout=timeout)
            except TimeoutExpired as exc:
                process.kill()
                if _mswindows:
                    # Windows accumulates the output in a single blocking
                    # read() call run on child threads, with the timeout
                    # being done in a join() on those threads.  communicate()
                    # _after_ kill() is required to collect that and add it
                    # to the exception.
                    exc.stdout, exc.stderr = process.communicate()
                else:
                    # POSIX _communicate already populated the output so
                    # far into the TimeoutExpired exception.
                    process.wait()
                raise
            except:  # Including KeyboardInterrupt, communicate handled that.
                process.kill()
                # We don't call process.wait() as .__exit__ does that for us.
                raise
            retcode = process.poll()
            if check and retcode:
                raise CalledProcessError(retcode, process.args,
&gt;                                        output=stdout, stderr=stderr)
E               subprocess.CalledProcessError: Command '['python', '-m', 'allensdk.test.model.check_parser', 'manifest.json']' returned non-zero exit status 1.

../../../anaconda3/envs/allensdk/lib/python3.7/subprocess.py:512: CalledProcessError</failure></testcase><testcase classname="allensdk.test.model.aa_model.test_biophysical_all_active" name="test_biophysical_aa" time="0.000"><skipped message="this test depends on the NEURON simulation library. This dependency is not straghtforward to build and install, so you must opt in to running this test" type="pytest.skip">/home/adam.amster/AllenSDK/allensdk/test/model/aa_model/test_biophysical_all_active.py:46: this test depends on the NEURON simulation library. This dependency is not straghtforward to build and install, so you must opt in to running this test</skipped></testcase><testcase classname="allensdk.test.model.peri_model.test_biophysical_peri" name="test_biophysical_peri" time="0.000"><skipped message="this test depends on the NEURON simulation library. This dependency is not straghtforward to build and install, so you must opt in to running this test" type="pytest.skip">/home/adam.amster/AllenSDK/allensdk/test/model/peri_model/test_biophysical_peri.py:46: this test depends on the NEURON simulation library. This dependency is not straghtforward to build and install, so you must opt in to running this test</skipped></testcase><testcase classname="allensdk.test.mouse_connectivity.grid.test_base_subimage" name="test_init_base" time="0.002" /><testcase classname="allensdk.test.mouse_connectivity.grid.test_base_subimage" name="test_binarize" time="0.001" /><testcase classname="allensdk.test.mouse_connectivity.grid.test_base_subimage" name="test_apply_mask[True]" time="0.001" /><testcase classname="allensdk.test.mouse_connectivity.grid.test_base_subimage" name="test_apply_mask[False]" time="0.001" /><testcase classname="allensdk.test.mouse_connectivity.grid.test_base_subimage" name="test_make_pixel_counter" time="2.265" /><testcase classname="allensdk.test.mouse_connectivity.grid.test_base_subimage" name="test_init_segmentation" time="0.001" /><testcase classname="allensdk.test.mouse_connectivity.grid.test_base_subimage" name="test_extract_signal_from_segmentation" time="0.001" /><testcase classname="allensdk.test.mouse_connectivity.grid.test_base_subimage" name="test_extract_injection_from_segmentation" time="0.001" /><testcase classname="allensdk.test.mouse_connectivity.grid.test_base_subimage" name="test_read_segmentation_image" time="0.002" /><testcase classname="allensdk.test.mouse_connectivity.grid.test_base_subimage" name="test_init_intensity" time="0.001" /><testcase classname="allensdk.test.mouse_connectivity.grid.test_base_subimage" name="test_get_intensity" time="0.012" /><testcase classname="allensdk.test.mouse_connectivity.grid.test_base_subimage" name="test_init_polygon" time="0.001" /><testcase classname="allensdk.test.mouse_connectivity.grid.test_base_subimage" name="test_get_polygons" time="0.093" /><testcase classname="allensdk.test.mouse_connectivity.grid.test_cav_subimage" name="test_compute_coarse_planes" time="4.288" /><testcase classname="allensdk.test.mouse_connectivity.grid.test_classic_subimage" name="test_init_classic" time="0.003" /><testcase classname="allensdk.test.mouse_connectivity.grid.test_classic_subimage" name="test_process_segmentation" time="0.242" /><testcase classname="allensdk.test.mouse_connectivity.grid.test_classic_subimage" name="test_compute_intensity" time="8.581" /><testcase classname="allensdk.test.mouse_connectivity.grid.test_classic_subimage" name="test_compute_injection" time="4.292" /><testcase classname="allensdk.test.mouse_connectivity.grid.test_classic_subimage" name="test_compute_projection" time="2.184" /><testcase classname="allensdk.test.mouse_connectivity.grid.test_classic_subimage" name="test_compute_sum_pixels_aav" time="4.274" /><testcase classname="allensdk.test.mouse_connectivity.grid.test_image_series_gridder" name="test_set_coarse_grid_parameters[small_gridder-cgd0-cgs0-6]" time="0.001" /><testcase classname="allensdk.test.mouse_connectivity.grid.test_image_series_gridder" name="test_set_coarse_grid_parameters[large_gridder-cgd1-cgs1-7]" time="0.001" /><testcase classname="allensdk.test.mouse_connectivity.grid.test_image_series_gridder" name="test_setup_subimages[small_gridder-0]" time="0.001" /><testcase classname="allensdk.test.mouse_connectivity.grid.test_image_series_gridder" name="test_setup_subimages[large_gridder-1]" time="0.001" /><testcase classname="allensdk.test.mouse_connectivity.grid.test_image_series_gridder" name="test_initialize_coarse_volume" time="0.001" /><testcase classname="allensdk.test.mouse_connectivity.grid.test_image_series_gridder" name="test_paste_slice" time="0.568" /><testcase classname="allensdk.test.mouse_connectivity.grid.test_image_series_gridder" name="test_paste_subimage" time="0.001" /><testcase classname="allensdk.test.mouse_connectivity.grid.test_image_series_gridder" name="test_build_coarse_grids" time="0.002" /><testcase classname="allensdk.test.mouse_connectivity.grid.test_image_series_gridder" name="test_resample_volume" time="0.002" /><testcase classname="allensdk.test.mouse_connectivity.grid.test_image_utilities" name="test_set_image_spacing" time="0.001" /><testcase classname="allensdk.test.mouse_connectivity.grid.test_image_utilities" name="test_new_image_3d" time="0.004" /><testcase classname="allensdk.test.mouse_connectivity.grid.test_image_utilities" name="test_new_image_2d" time="0.001" /><testcase classname="allensdk.test.mouse_connectivity.grid.test_image_utilities" name="test_np_sitk_convert[float32-8]" time="0.001" /><testcase classname="allensdk.test.mouse_connectivity.grid.test_image_utilities" name="test_compute_coarse_parameters" time="0.000" /><testcase classname="allensdk.test.mouse_connectivity.grid.test_image_utilities" name="test_block_apply" time="0.000" /><testcase classname="allensdk.test.mouse_connectivity.grid.test_image_utilities" name="test_grid_image_blocks" time="0.000" /><testcase classname="allensdk.test.mouse_connectivity.grid.test_image_utilities" name="test_rasterize_polygons" time="0.000" /><testcase classname="allensdk.test.mouse_connectivity.grid.test_image_utilities" name="test_resample_into_volume" time="0.002" /><testcase classname="allensdk.test.mouse_connectivity.grid.test_image_utilities" name="test_build_affine_transform" time="0.001" /><testcase classname="allensdk.test.mouse_connectivity.grid.test_image_utilities" name="test_build_composite_transform" time="0.001" /><testcase classname="allensdk.test.mouse_connectivity.grid.test_image_utilities" name="test_resample_volume" time="0.012" /></testsuite></testsuites>